#
# There is insufficient memory for the Java Runtime Environment to continue.
# Native memory allocation (mmap) failed to map 327155712 bytes for committing reserved memory.
# Possible reasons:
#   The system is out of physical RAM or swap space
#   The process is running with CompressedOops enabled, and the Java Heap may be blocking the growth of the native heap
# Possible solutions:
#   Reduce memory load on the system
#   Increase physical memory or swap space
#   Check if swap backing store is full
#   Decrease Java heap size (-Xmx/-Xms)
#   Decrease number of Java threads
#   Decrease Java thread stack sizes (-Xss)
#   Set larger code cache with -XX:ReservedCodeCacheSize=
#   JVM is running with Unscaled Compressed Oops mode in which the Java heap is
#     placed in the first 4GB address space. The Java Heap base address is the
#     maximum limit for the native heap growth. Please use -XX:HeapBaseMinAddress
#     to set the Java Heap base and to place the Java Heap above 4GB virtual address.
# This output file may be truncated or incomplete.
#
#  Out of Memory Error (os_linux.cpp:2706), pid=6469, tid=6487
#
# JRE version: OpenJDK Runtime Environment (10.0.2+13) (build 10.0.2+13-Ubuntu-1ubuntu0.18.04.1)
# Java VM: OpenJDK 64-Bit Server VM (10.0.2+13-Ubuntu-1ubuntu0.18.04.1, mixed mode, tiered, compressed oops, g1 gc, linux-amd64)
# Core dump will be written. Default location: Core dumps may be processed with "/usr/share/apport/apport %p %s %c %d %P" (or dumping to /home/madeleine/eclipse-workspace/ImgEditor/src/core.6469)
#

---------------  S U M M A R Y ------------

Command Line: -Dfile.encoding=UTF-8 ImageEditor slctemple.ppm out.ppm motionblur 10

Host: Intel(R) Core(TM) i5-8250U CPU @ 1.60GHz, 4 cores, 4G, Ubuntu 18.04.1 LTS
Time: Tue Sep 11 23:57:23 2018 MDT elapsed time: 1 seconds (0d 0h 0m 1s)

---------------  T H R E A D  ---------------

Current thread (0x00007f46f80f5000):  VMThread "VM Thread" [stack: 0x00007f46cc330000,0x00007f46cc430000] [id=6487]

Stack: [0x00007f46cc330000,0x00007f46cc430000],  sp=0x00007f46cc42e0a0,  free space=1016k
Native frames: (J=compiled Java code, A=aot compiled Java code, j=interpreted, Vv=VM code, C=native code)
V  [libjvm.so+0xd27e04]
V  [libjvm.so+0xd289ab]
V  [libjvm.so+0x64d415]
V  [libjvm.so+0xb2d728]
V  [libjvm.so+0xb25f7d]
V  [libjvm.so+0x7662ff]
V  [libjvm.so+0x76653e]
V  [libjvm.so+0x769500]
V  [libjvm.so+0x7efa1c]
V  [libjvm.so+0x7f06df]
V  [libjvm.so+0x7f0b59]
V  [libjvm.so+0x7162cf]
V  [libjvm.so+0x71a3ba]
V  [libjvm.so+0xd39f68]
V  [libjvm.so+0xd387d1]
V  [libjvm.so+0xd35a9b]
V  [libjvm.so+0xd370be]
V  [libjvm.so+0xd374e8]
V  [libjvm.so+0xb33ca0]

VM_Operation (0x00007f46ff336620): G1IncCollectionPause, mode: safepoint, requested by thread 0x00007f46f8011800


---------------  P R O C E S S  ---------------

Threads class SMR info:
_java_thread_list=0x00007f46f81a00b0, length=10, elements={
0x00007f46f8011800, 0x00007f46f80fe800, 0x00007f46f8100800, 0x00007f46f8114000,
0x00007f46f8116000, 0x00007f46f8118000, 0x00007f46f811a000, 0x00007f46f811c000,
0x00007f46f8198800, 0x00007f46f81a6800
}

Java Threads: ( => current thread )
  0x00007f46f8011800 JavaThread "main" [_thread_blocked, id=6475, stack(0x00007f46ff237000,0x00007f46ff338000)]
  0x00007f46f80fe800 JavaThread "Reference Handler" daemon [_thread_blocked, id=6488, stack(0x00007f46cc22d000,0x00007f46cc32e000)]
  0x00007f46f8100800 JavaThread "Finalizer" daemon [_thread_blocked, id=6489, stack(0x00007f46cc12c000,0x00007f46cc22d000)]
  0x00007f46f8114000 JavaThread "Signal Dispatcher" daemon [_thread_blocked, id=6490, stack(0x00007f46cc02b000,0x00007f46cc12c000)]
  0x00007f46f8116000 JavaThread "C2 CompilerThread0" daemon [_thread_blocked, id=6491, stack(0x00007f46a3530000,0x00007f46a3631000)]
  0x00007f46f8118000 JavaThread "C2 CompilerThread1" daemon [_thread_blocked, id=6492, stack(0x00007f46a342f000,0x00007f46a3530000)]
  0x00007f46f811a000 JavaThread "C1 CompilerThread2" daemon [_thread_blocked, id=6493, stack(0x00007f46a332e000,0x00007f46a342f000)]
  0x00007f46f811c000 JavaThread "Sweeper thread" daemon [_thread_blocked, id=6494, stack(0x00007f46a322d000,0x00007f46a332e000)]
  0x00007f46f8198800 JavaThread "Service Thread" daemon [_thread_blocked, id=6495, stack(0x00007f46a312c000,0x00007f46a322d000)]
  0x00007f46f81a6800 JavaThread "Common-Cleaner" daemon [_thread_blocked, id=6497, stack(0x00007f46a2f29000,0x00007f46a302a000)]

Other Threads:
=>0x00007f46f80f5000 VMThread "VM Thread" [stack: 0x00007f46cc330000,0x00007f46cc430000] [id=6487]
  0x00007f46f819a800 WatcherThread [stack: 0x00007f46a302c000,0x00007f46a312c000] [id=6496]
  0x00007f46f8028000 GCTaskThread "GC Thread#0" [stack: 0x00007f46dee0a000,0x00007f46def0a000] [id=6476]
  0x00007f46f8029800 GCTaskThread "GC Thread#1" [stack: 0x00007f46ded08000,0x00007f46dee08000] [id=6477]
  0x00007f46f802b800 GCTaskThread "GC Thread#2" [stack: 0x00007f46dec06000,0x00007f46ded06000] [id=6478]
  0x00007f46f802d000 GCTaskThread "GC Thread#3" [stack: 0x00007f46deb04000,0x00007f46dec04000] [id=6479]
  0x00007f46f8049800 ConcurrentGCThread "G1 Main Marker" [stack: 0x00007f46dcac0000,0x00007f46dcbc0000] [id=6480]
  0x00007f46f804b800 ConcurrentGCThread "G1 Conc#0" [stack: 0x00007f46dc9be000,0x00007f46dcabe000] [id=6481]
  0x00007f46f808d800 ConcurrentGCThread "G1 Refine#0" [stack: 0x00007f46dc4b8000,0x00007f46dc5b8000] [id=6482]
  0x00007f46f808f800 ConcurrentGCThread "G1 Refine#1" [stack: 0x00007f46dc3b6000,0x00007f46dc4b6000] [id=6483]
  0x00007f46f8091000 ConcurrentGCThread "G1 Refine#2" [stack: 0x00007f46dc2b4000,0x00007f46dc3b4000] [id=6484]
  0x00007f46f8092800 ConcurrentGCThread "G1 Refine#3" [stack: 0x00007f46dc1b2000,0x00007f46dc2b2000] [id=6485]
  0x00007f46f8094800 ConcurrentGCThread "G1 Young RemSet Sampling" [stack: 0x00007f46dc0b0000,0x00007f46dc1b0000] [id=6486]

Threads with active compile tasks:

VM state:at safepoint (normal execution)

VM Mutex/Monitor currently owned by a thread:  ([mutex/lock_event])
[0x00007f46f800dfe0] Threads_lock - owner thread: 0x00007f46f80f5000
[0x00007f46f800e580] Heap_lock - owner thread: 0x00007f46f8011800

Heap address: 0x00000000b0c00000, size: 1268 MB, Compressed Oops mode: 32-bit
Narrow klass base: 0x0000000000000000, Narrow klass shift: 3
Compressed class space size: 1073741824 Address: 0x0000000100000000

Heap:
 garbage-first heap   total 620544K, used 26184K [0x00000000b0c00000, 0x0000000100000000)
  region size 1024K, 5 young (5120K), 5 survivors (5120K)
 Metaspace       used 6182K, capacity 6326K, committed 6528K, reserved 1056768K
  class space    used 493K, capacity 515K, committed 640K, reserved 1048576K
Heap Regions: E=young(eden), S=young(survivor), O=old, HS=humongous(starts), HC=humongous(continues), CS=collection set, F=free, A=archive, TS=gc time stamp, AC=allocation context, TAMS=top-at-mark-start (previous, next)
|   0|0x00000000b0c00000, 0x00000000b0d00000, 0x00000000b0d00000|100%|HS|  |TS  0|AC  0|TAMS 0x00000000b0c00000, 0x00000000b0c00000|
|   1|0x00000000b0d00000, 0x00000000b0e00000, 0x00000000b0e00000|100%|HS|  |TS  0|AC  0|TAMS 0x00000000b0d00000, 0x00000000b0d00000|
|   2|0x00000000b0e00000, 0x00000000b0f00000, 0x00000000b0f00000|100%|HS|  |TS  0|AC  0|TAMS 0x00000000b0e00000, 0x00000000b0e00000|
|   3|0x00000000b0f00000, 0x00000000b1000000, 0x00000000b1000000|100%|HC|  |TS  0|AC  0|TAMS 0x00000000b0f00000, 0x00000000b0f00000|
|   4|0x00000000b1000000, 0x00000000b1100000, 0x00000000b1100000|100%|HS|  |TS  0|AC  0|TAMS 0x00000000b1000000, 0x00000000b1000000|
|   5|0x00000000b1100000, 0x00000000b1200000, 0x00000000b1200000|100%|HC|  |TS  0|AC  0|TAMS 0x00000000b1100000, 0x00000000b1100000|
|   6|0x00000000b1200000, 0x00000000b1300000, 0x00000000b1300000|100%|HS|  |TS  0|AC  0|TAMS 0x00000000b1200000, 0x00000000b1200000|
|   7|0x00000000b1300000, 0x00000000b1400000, 0x00000000b1400000|100%|HC|  |TS  0|AC  0|TAMS 0x00000000b1300000, 0x00000000b1300000|
|   8|0x00000000b1400000, 0x00000000b1500000, 0x00000000b1500000|100%|HC|  |TS  0|AC  0|TAMS 0x00000000b1400000, 0x00000000b1400000|
|   9|0x00000000b1500000, 0x00000000b1600000, 0x00000000b1600000|100%|HS|  |TS  0|AC  0|TAMS 0x00000000b1500000, 0x00000000b1500000|
|  10|0x00000000b1600000, 0x00000000b1700000, 0x00000000b1700000|100%|HC|  |TS  0|AC  0|TAMS 0x00000000b1600000, 0x00000000b1600000|
|  11|0x00000000b1700000, 0x00000000b1800000, 0x00000000b1800000|100%|HC|  |TS  0|AC  0|TAMS 0x00000000b1700000, 0x00000000b1700000|
|  12|0x00000000b1800000, 0x00000000b1900000, 0x00000000b1900000|100%|HC|  |TS  0|AC  0|TAMS 0x00000000b1800000, 0x00000000b1800000|
|  13|0x00000000b1900000, 0x00000000b1a00000, 0x00000000b1a00000|100%|HC|  |TS  0|AC  0|TAMS 0x00000000b1900000, 0x00000000b1900000|
|  14|0x00000000b1a00000, 0x00000000b1b00000, 0x00000000b1b00000|100%|HS|  |TS  0|AC  0|TAMS 0x00000000b1a00000, 0x00000000b1a00000|
|  15|0x00000000b1b00000, 0x00000000b1c00000, 0x00000000b1c00000|100%|HC|  |TS  0|AC  0|TAMS 0x00000000b1b00000, 0x00000000b1b00000|
|  16|0x00000000b1c00000, 0x00000000b1d00000, 0x00000000b1d00000|100%|HC|  |TS  0|AC  0|TAMS 0x00000000b1c00000, 0x00000000b1c00000|
|  17|0x00000000b1d00000, 0x00000000b1e00000, 0x00000000b1e00000|100%|HC|  |TS  0|AC  0|TAMS 0x00000000b1d00000, 0x00000000b1d00000|
|  18|0x00000000b1e00000, 0x00000000b1f00000, 0x00000000b1f00000|100%|HC|  |TS  0|AC  0|TAMS 0x00000000b1e00000, 0x00000000b1e00000|
|  19|0x00000000b1f00000, 0x00000000b2000000, 0x00000000b2000000|100%|HC|  |TS  0|AC  0|TAMS 0x00000000b1f00000, 0x00000000b1f00000|
|  20|0x00000000b2000000, 0x00000000b2100000, 0x00000000b2100000|100%|HC|  |TS  0|AC  0|TAMS 0x00000000b2000000, 0x00000000b2000000|
|  21|0x00000000b2100000, 0x00000000b2100000, 0x00000000b2200000|  0%| F|  |TS  0|AC  0|TAMS 0x00000000b2100000, 0x00000000b2100000|
|  22|0x00000000b2200000, 0x00000000b2200000, 0x00000000b2300000|  0%| F|  |TS  0|AC  0|TAMS 0x00000000b2200000, 0x00000000b2200000|
|  23|0x00000000b2300000, 0x00000000b2300000, 0x00000000b2400000|  0%| F|  |TS  0|AC  0|TAMS 0x00000000b2300000, 0x00000000b2300000|
|  24|0x00000000b2400000, 0x00000000b2400000, 0x00000000b2500000|  0%| F|  |TS  0|AC  0|TAMS 0x00000000b2400000, 0x00000000b2400000|
|  25|0x00000000b2500000, 0x00000000b2500000, 0x00000000b2600000|  0%| F|  |TS  0|AC  0|TAMS 0x00000000b2500000, 0x00000000b2500000|
|  26|0x00000000b2600000, 0x00000000b2600000, 0x00000000b2700000|  0%| F|  |TS  0|AC  0|TAMS 0x00000000b2600000, 0x00000000b2600000|
|  27|0x00000000b2700000, 0x00000000b2700000, 0x00000000b2800000|  0%| F|  |TS  0|AC  0|TAMS 0x00000000b2700000, 0x00000000b2700000|
|  28|0x00000000b2800000, 0x00000000b2800000, 0x00000000b2900000|  0%| F|  |TS  0|AC  0|TAMS 0x00000000b2800000, 0x00000000b2800000|
|  29|0x00000000b2900000, 0x00000000b2900000, 0x00000000b2a00000|  0%| F|  |TS  0|AC  0|TAMS 0x00000000b2900000, 0x00000000b2900000|
|  30|0x00000000b2a00000, 0x00000000b2a00000, 0x00000000b2b00000|  0%| F|  |TS  5|AC  0|TAMS 0x00000000b2a00000, 0x00000000b2a00000|
|  31|0x00000000b2b00000, 0x00000000b2b00000, 0x00000000b2c00000|  0%| F|  |TS  5|AC  0|TAMS 0x00000000b2b00000, 0x00000000b2b00000|
|  32|0x00000000b2c00000, 0x00000000b2c00000, 0x00000000b2d00000|  0%| F|  |TS  6|AC  0|TAMS 0x00000000b2c00000, 0x00000000b2c00000|
|  33|0x00000000b2d00000, 0x00000000b2d00000, 0x00000000b2e00000|  0%| F|  |TS  6|AC  0|TAMS 0x00000000b2d00000, 0x00000000b2d00000|
|  34|0x00000000b2e00000, 0x00000000b2e00000, 0x00000000b2f00000|  0%| F|  |TS  5|AC  0|TAMS 0x00000000b2e00000, 0x00000000b2e00000|
|  35|0x00000000b2f00000, 0x00000000b2f00000, 0x00000000b3000000|  0%| F|  |TS  5|AC  0|TAMS 0x00000000b2f00000, 0x00000000b2f00000|
|  36|0x00000000b3000000, 0x00000000b3000000, 0x00000000b3100000|  0%| F|  |TS  5|AC  0|TAMS 0x00000000b3000000, 0x00000000b3000000|
|  37|0x00000000b3100000, 0x00000000b3100000, 0x00000000b3200000|  0%| F|  |TS  5|AC  0|TAMS 0x00000000b3100000, 0x00000000b3100000|
|  38|0x00000000b3200000, 0x00000000b3200000, 0x00000000b3300000|  0%| F|  |TS  5|AC  0|TAMS 0x00000000b3200000, 0x00000000b3200000|
|  39|0x00000000b3300000, 0x00000000b3300000, 0x00000000b3400000|  0%| F|  |TS  5|AC  0|TAMS 0x00000000b3300000, 0x00000000b3300000|
|  40|0x00000000b3400000, 0x00000000b3400000, 0x00000000b3500000|  0%| F|  |TS  5|AC  0|TAMS 0x00000000b3400000, 0x00000000b3400000|
|  41|0x00000000b3500000, 0x00000000b3500000, 0x00000000b3600000|  0%| F|  |TS  5|AC  0|TAMS 0x00000000b3500000, 0x00000000b3500000|
|  42|0x00000000b3600000, 0x00000000b3600000, 0x00000000b3700000|  0%| F|  |TS  5|AC  0|TAMS 0x00000000b3600000, 0x00000000b3600000|
|  43|0x00000000b3700000, 0x00000000b3700000, 0x00000000b3800000|  0%| F|  |TS  5|AC  0|TAMS 0x00000000b3700000, 0x00000000b3700000|
|  44|0x00000000b3800000, 0x00000000b3800000, 0x00000000b3900000|  0%| F|  |TS  5|AC  0|TAMS 0x00000000b3800000, 0x00000000b3800000|
|  45|0x00000000b3900000, 0x00000000b3900000, 0x00000000b3a00000|  0%| F|  |TS  5|AC  0|TAMS 0x00000000b3900000, 0x00000000b3900000|
|  46|0x00000000b3a00000, 0x00000000b3a00000, 0x00000000b3b00000|  0%| F|  |TS  5|AC  0|TAMS 0x00000000b3a00000, 0x00000000b3a00000|
|  47|0x00000000b3b00000, 0x00000000b3b00000, 0x00000000b3c00000|  0%| F|  |TS  5|AC  0|TAMS 0x00000000b3b00000, 0x00000000b3b00000|
|  48|0x00000000b3c00000, 0x00000000b3c00000, 0x00000000b3d00000|  0%| F|  |TS  5|AC  0|TAMS 0x00000000b3c00000, 0x00000000b3c00000|
|  49|0x00000000b3d00000, 0x00000000b3d00000, 0x00000000b3e00000|  0%| F|  |TS  5|AC  0|TAMS 0x00000000b3d00000, 0x00000000b3d00000|
|  50|0x00000000b3e00000, 0x00000000b3e00000, 0x00000000b3f00000|  0%| F|  |TS 10|AC  0|TAMS 0x00000000b3e00000, 0x00000000b3e00000|
|  51|0x00000000b3f00000, 0x00000000b3f00000, 0x00000000b4000000|  0%| F|  |TS 10|AC  0|TAMS 0x00000000b3f00000, 0x00000000b3f00000|
|  52|0x00000000b4000000, 0x00000000b4000000, 0x00000000b4100000|  0%| F|  |TS 10|AC  0|TAMS 0x00000000b4000000, 0x00000000b4000000|
|  53|0x00000000b4100000, 0x00000000b4100000, 0x00000000b4200000|  0%| F|  |TS  9|AC  0|TAMS 0x00000000b4100000, 0x00000000b4100000|
|  54|0x00000000b4200000, 0x00000000b4200000, 0x00000000b4300000|  0%| F|  |TS  9|AC  0|TAMS 0x00000000b4200000, 0x00000000b4200000|
|  55|0x00000000b4300000, 0x00000000b4300000, 0x00000000b4400000|  0%| F|  |TS  9|AC  0|TAMS 0x00000000b4300000, 0x00000000b4300000|
|  56|0x00000000b4400000, 0x00000000b4400000, 0x00000000b4500000|  0%| F|  |TS  9|AC  0|TAMS 0x00000000b4400000, 0x00000000b4400000|
|  57|0x00000000b4500000, 0x00000000b4500000, 0x00000000b4600000|  0%| F|  |TS  9|AC  0|TAMS 0x00000000b4500000, 0x00000000b4500000|
|  58|0x00000000b4600000, 0x00000000b4600000, 0x00000000b4700000|  0%| F|  |TS  9|AC  0|TAMS 0x00000000b4600000, 0x00000000b4600000|
|  59|0x00000000b4700000, 0x00000000b4700000, 0x00000000b4800000|  0%| F|  |TS  9|AC  0|TAMS 0x00000000b4700000, 0x00000000b4700000|
|  60|0x00000000b4800000, 0x00000000b4800000, 0x00000000b4900000|  0%| F|  |TS  9|AC  0|TAMS 0x00000000b4800000, 0x00000000b4800000|
|  61|0x00000000b4900000, 0x00000000b4900000, 0x00000000b4a00000|  0%| F|  |TS  9|AC  0|TAMS 0x00000000b4900000, 0x00000000b4900000|
|  62|0x00000000b4a00000, 0x00000000b4a00000, 0x00000000b4b00000|  0%| F|  |TS  9|AC  0|TAMS 0x00000000b4a00000, 0x00000000b4a00000|
|  63|0x00000000b4b00000, 0x00000000b4b00000, 0x00000000b4c00000|  0%| F|  |TS  9|AC  0|TAMS 0x00000000b4b00000, 0x00000000b4b00000|
|  64|0x00000000b4c00000, 0x00000000b4c00000, 0x00000000b4d00000|  0%| F|  |TS  9|AC  0|TAMS 0x00000000b4c00000, 0x00000000b4c00000|
|  65|0x00000000b4d00000, 0x00000000b4d00000, 0x00000000b4e00000|  0%| F|  |TS  9|AC  0|TAMS 0x00000000b4d00000, 0x00000000b4d00000|
|  66|0x00000000b4e00000, 0x00000000b4e00000, 0x00000000b4f00000|  0%| F|  |TS  9|AC  0|TAMS 0x00000000b4e00000, 0x00000000b4e00000|
|  67|0x00000000b4f00000, 0x00000000b4f00000, 0x00000000b5000000|  0%| F|  |TS  9|AC  0|TAMS 0x00000000b4f00000, 0x00000000b4f00000|
|  68|0x00000000b5000000, 0x00000000b5000000, 0x00000000b5100000|  0%| F|  |TS  9|AC  0|TAMS 0x00000000b5000000, 0x00000000b5000000|
|  69|0x00000000b5100000, 0x00000000b5100000, 0x00000000b5200000|  0%| F|  |TS  9|AC  0|TAMS 0x00000000b5100000, 0x00000000b5100000|
|  70|0x00000000b5200000, 0x00000000b5200000, 0x00000000b5300000|  0%| F|  |TS  9|AC  0|TAMS 0x00000000b5200000, 0x00000000b5200000|
|  71|0x00000000b5300000, 0x00000000b5300000, 0x00000000b5400000|  0%| F|  |TS  9|AC  0|TAMS 0x00000000b5300000, 0x00000000b5300000|
|  72|0x00000000b5400000, 0x00000000b5400000, 0x00000000b5500000|  0%| F|  |TS  9|AC  0|TAMS 0x00000000b5400000, 0x00000000b5400000|
|  73|0x00000000b5500000, 0x00000000b5500000, 0x00000000b5600000|  0%| F|  |TS  9|AC  0|TAMS 0x00000000b5500000, 0x00000000b5500000|
|  74|0x00000000b5600000, 0x00000000b5600000, 0x00000000b5700000|  0%| F|  |TS  9|AC  0|TAMS 0x00000000b5600000, 0x00000000b5600000|
|  75|0x00000000b5700000, 0x00000000b5700000, 0x00000000b5800000|  0%| F|  |TS  9|AC  0|TAMS 0x00000000b5700000, 0x00000000b5700000|
|  76|0x00000000b5800000, 0x00000000b5800000, 0x00000000b5900000|  0%| F|  |TS  9|AC  0|TAMS 0x00000000b5800000, 0x00000000b5800000|
|  77|0x00000000b5900000, 0x00000000b5900000, 0x00000000b5a00000|  0%| F|  |TS  9|AC  0|TAMS 0x00000000b5900000, 0x00000000b5900000|
|  78|0x00000000b5a00000, 0x00000000b5a00000, 0x00000000b5b00000|  0%| F|  |TS  9|AC  0|TAMS 0x00000000b5a00000, 0x00000000b5a00000|
|  79|0x00000000b5b00000, 0x00000000b5b00000, 0x00000000b5c00000|  0%| F|  |TS  9|AC  0|TAMS 0x00000000b5b00000, 0x00000000b5b00000|
|  80|0x00000000b5c00000, 0x00000000b5c00000, 0x00000000b5d00000|  0%| F|  |TS  9|AC  0|TAMS 0x00000000b5c00000, 0x00000000b5c00000|
|  81|0x00000000b5d00000, 0x00000000b5d00000, 0x00000000b5e00000|  0%| F|  |TS  9|AC  0|TAMS 0x00000000b5d00000, 0x00000000b5d00000|
|  82|0x00000000b5e00000, 0x00000000b5e00000, 0x00000000b5f00000|  0%| F|  |TS  9|AC  0|TAMS 0x00000000b5e00000, 0x00000000b5e00000|
|  83|0x00000000b5f00000, 0x00000000b5f00000, 0x00000000b6000000|  0%| F|  |TS  9|AC  0|TAMS 0x00000000b5f00000, 0x00000000b5f00000|
|  84|0x00000000b6000000, 0x00000000b6000000, 0x00000000b6100000|  0%| F|  |TS  9|AC  0|TAMS 0x00000000b6000000, 0x00000000b6000000|
|  85|0x00000000b6100000, 0x00000000b6100000, 0x00000000b6200000|  0%| F|  |TS  9|AC  0|TAMS 0x00000000b6100000, 0x00000000b6100000|
|  86|0x00000000b6200000, 0x00000000b6200000, 0x00000000b6300000|  0%| F|  |TS  9|AC  0|TAMS 0x00000000b6200000, 0x00000000b6200000|
|  87|0x00000000b6300000, 0x00000000b6300000, 0x00000000b6400000|  0%| F|  |TS  9|AC  0|TAMS 0x00000000b6300000, 0x00000000b6300000|
|  88|0x00000000b6400000, 0x00000000b6400000, 0x00000000b6500000|  0%| F|  |TS  9|AC  0|TAMS 0x00000000b6400000, 0x00000000b6400000|
|  89|0x00000000b6500000, 0x00000000b6500000, 0x00000000b6600000|  0%| F|  |TS  9|AC  0|TAMS 0x00000000b6500000, 0x00000000b6500000|
|  90|0x00000000b6600000, 0x00000000b6600000, 0x00000000b6700000|  0%| F|  |TS  9|AC  0|TAMS 0x00000000b6600000, 0x00000000b6600000|
|  91|0x00000000b6700000, 0x00000000b6700000, 0x00000000b6800000|  0%| F|  |TS  9|AC  0|TAMS 0x00000000b6700000, 0x00000000b6700000|
|  92|0x00000000b6800000, 0x00000000b6800000, 0x00000000b6900000|  0%| F|  |TS  9|AC  0|TAMS 0x00000000b6800000, 0x00000000b6800000|
|  93|0x00000000b6900000, 0x00000000b6900000, 0x00000000b6a00000|  0%| F|  |TS  9|AC  0|TAMS 0x00000000b6900000, 0x00000000b6900000|
|  94|0x00000000b6a00000, 0x00000000b6a00000, 0x00000000b6b00000|  0%| F|  |TS  9|AC  0|TAMS 0x00000000b6a00000, 0x00000000b6a00000|
|  95|0x00000000b6b00000, 0x00000000b6b00000, 0x00000000b6c00000|  0%| F|  |TS  9|AC  0|TAMS 0x00000000b6b00000, 0x00000000b6b00000|
|  96|0x00000000b6c00000, 0x00000000b6c00000, 0x00000000b6d00000|  0%| F|  |TS  9|AC  0|TAMS 0x00000000b6c00000, 0x00000000b6c00000|
|  97|0x00000000b6d00000, 0x00000000b6d00000, 0x00000000b6e00000|  0%| F|  |TS  9|AC  0|TAMS 0x00000000b6d00000, 0x00000000b6d00000|
|  98|0x00000000b6e00000, 0x00000000b6e00000, 0x00000000b6f00000|  0%| F|  |TS  9|AC  0|TAMS 0x00000000b6e00000, 0x00000000b6e00000|
|  99|0x00000000b6f00000, 0x00000000b6f00000, 0x00000000b7000000|  0%| F|  |TS  9|AC  0|TAMS 0x00000000b6f00000, 0x00000000b6f00000|
| 100|0x00000000b7000000, 0x00000000b7000000, 0x00000000b7100000|  0%| F|  |TS  9|AC  0|TAMS 0x00000000b7000000, 0x00000000b7000000|
| 101|0x00000000b7100000, 0x00000000b7100000, 0x00000000b7200000|  0%| F|  |TS  9|AC  0|TAMS 0x00000000b7100000, 0x00000000b7100000|
| 102|0x00000000b7200000, 0x00000000b7200000, 0x00000000b7300000|  0%| F|  |TS  9|AC  0|TAMS 0x00000000b7200000, 0x00000000b7200000|
| 103|0x00000000b7300000, 0x00000000b7300000, 0x00000000b7400000|  0%| F|  |TS  9|AC  0|TAMS 0x00000000b7300000, 0x00000000b7300000|
| 104|0x00000000b7400000, 0x00000000b7400000, 0x00000000b7500000|  0%| F|  |TS  9|AC  0|TAMS 0x00000000b7400000, 0x00000000b7400000|
| 105|0x00000000b7500000, 0x00000000b7500000, 0x00000000b7600000|  0%| F|  |TS  9|AC  0|TAMS 0x00000000b7500000, 0x00000000b7500000|
| 106|0x00000000b7600000, 0x00000000b7600000, 0x00000000b7700000|  0%| F|  |TS  9|AC  0|TAMS 0x00000000b7600000, 0x00000000b7600000|
| 107|0x00000000b7700000, 0x00000000b7700000, 0x00000000b7800000|  0%| F|  |TS  9|AC  0|TAMS 0x00000000b7700000, 0x00000000b7700000|
| 108|0x00000000b7800000, 0x00000000b7800000, 0x00000000b7900000|  0%| F|  |TS  9|AC  0|TAMS 0x00000000b7800000, 0x00000000b7800000|
| 109|0x00000000b7900000, 0x00000000b7900000, 0x00000000b7a00000|  0%| F|  |TS  9|AC  0|TAMS 0x00000000b7900000, 0x00000000b7900000|
| 110|0x00000000b7a00000, 0x00000000b7a00000, 0x00000000b7b00000|  0%| F|  |TS  9|AC  0|TAMS 0x00000000b7a00000, 0x00000000b7a00000|
| 111|0x00000000b7b00000, 0x00000000b7b00000, 0x00000000b7c00000|  0%| F|  |TS  9|AC  0|TAMS 0x00000000b7b00000, 0x00000000b7b00000|
| 112|0x00000000b7c00000, 0x00000000b7c00000, 0x00000000b7d00000|  0%| F|  |TS  9|AC  0|TAMS 0x00000000b7c00000, 0x00000000b7c00000|
| 113|0x00000000b7d00000, 0x00000000b7d00000, 0x00000000b7e00000|  0%| F|  |TS  9|AC  0|TAMS 0x00000000b7d00000, 0x00000000b7d00000|
| 114|0x00000000b7e00000, 0x00000000b7e00000, 0x00000000b7f00000|  0%| F|  |TS  9|AC  0|TAMS 0x00000000b7e00000, 0x00000000b7e00000|
| 115|0x00000000b7f00000, 0x00000000b7f00000, 0x00000000b8000000|  0%| F|  |TS  9|AC  0|TAMS 0x00000000b7f00000, 0x00000000b7f00000|
| 116|0x00000000b8000000, 0x00000000b8000000, 0x00000000b8100000|  0%| F|  |TS  9|AC  0|TAMS 0x00000000b8000000, 0x00000000b8000000|
| 117|0x00000000b8100000, 0x00000000b8100000, 0x00000000b8200000|  0%| F|  |TS  9|AC  0|TAMS 0x00000000b8100000, 0x00000000b8100000|
| 118|0x00000000b8200000, 0x00000000b8200000, 0x00000000b8300000|  0%| F|  |TS  9|AC  0|TAMS 0x00000000b8200000, 0x00000000b8200000|
| 119|0x00000000b8300000, 0x00000000b8300000, 0x00000000b8400000|  0%| F|  |TS  9|AC  0|TAMS 0x00000000b8300000, 0x00000000b8300000|
| 120|0x00000000b8400000, 0x00000000b8400000, 0x00000000b8500000|  0%| F|  |TS  9|AC  0|TAMS 0x00000000b8400000, 0x00000000b8400000|
| 121|0x00000000b8500000, 0x00000000b8500000, 0x00000000b8600000|  0%| F|  |TS  9|AC  0|TAMS 0x00000000b8500000, 0x00000000b8500000|
| 122|0x00000000b8600000, 0x00000000b8600000, 0x00000000b8700000|  0%| F|  |TS  9|AC  0|TAMS 0x00000000b8600000, 0x00000000b8600000|
| 123|0x00000000b8700000, 0x00000000b8700000, 0x00000000b8800000|  0%| F|  |TS  9|AC  0|TAMS 0x00000000b8700000, 0x00000000b8700000|
| 124|0x00000000b8800000, 0x00000000b8800000, 0x00000000b8900000|  0%| F|  |TS  9|AC  0|TAMS 0x00000000b8800000, 0x00000000b8800000|
| 125|0x00000000b8900000, 0x00000000b8900000, 0x00000000b8a00000|  0%| F|  |TS  9|AC  0|TAMS 0x00000000b8900000, 0x00000000b8900000|
| 126|0x00000000b8a00000, 0x00000000b8a923e8, 0x00000000b8b00000| 57%| S|CS|TS 13|AC  0|TAMS 0x00000000b8a00000, 0x00000000b8a00000|
| 127|0x00000000b8b00000, 0x00000000b8c00000, 0x00000000b8c00000|100%| S|CS|TS 13|AC  0|TAMS 0x00000000b8b00000, 0x00000000b8b00000|
| 128|0x00000000b8c00000, 0x00000000b8d00000, 0x00000000b8d00000|100%| S|CS|TS 13|AC  0|TAMS 0x00000000b8c00000, 0x00000000b8c00000|
| 129|0x00000000b8d00000, 0x00000000b8e00000, 0x00000000b8e00000|100%| S|CS|TS 13|AC  0|TAMS 0x00000000b8d00000, 0x00000000b8d00000|
| 130|0x00000000b8e00000, 0x00000000b8f00000, 0x00000000b8f00000|100%| S|CS|TS 13|AC  0|TAMS 0x00000000b8e00000, 0x00000000b8e00000|
| 131|0x00000000b8f00000, 0x00000000b8f00000, 0x00000000b9000000|  0%| F|  |TS 13|AC  0|TAMS 0x00000000b8f00000, 0x00000000b8f00000|
| 132|0x00000000b9000000, 0x00000000b9000000, 0x00000000b9100000|  0%| F|  |TS 13|AC  0|TAMS 0x00000000b9000000, 0x00000000b9000000|
| 133|0x00000000b9100000, 0x00000000b9100000, 0x00000000b9200000|  0%| F|  |TS 13|AC  0|TAMS 0x00000000b9100000, 0x00000000b9100000|
| 134|0x00000000b9200000, 0x00000000b9200000, 0x00000000b9300000|  0%| F|  |TS 13|AC  0|TAMS 0x00000000b9200000, 0x00000000b9200000|
| 135|0x00000000b9300000, 0x00000000b9300000, 0x00000000b9400000|  0%| F|  |TS 13|AC  0|TAMS 0x00000000b9300000, 0x00000000b9300000|
| 136|0x00000000b9400000, 0x00000000b9400000, 0x00000000b9500000|  0%| F|  |TS 13|AC  0|TAMS 0x00000000b9400000, 0x00000000b9400000|
| 137|0x00000000b9500000, 0x00000000b9500000, 0x00000000b9600000|  0%| F|  |TS 13|AC  0|TAMS 0x00000000b9500000, 0x00000000b9500000|
| 138|0x00000000b9600000, 0x00000000b9600000, 0x00000000b9700000|  0%| F|  |TS 13|AC  0|TAMS 0x00000000b9600000, 0x00000000b9600000|
| 139|0x00000000b9700000, 0x00000000b9700000, 0x00000000b9800000|  0%| F|  |TS 13|AC  0|TAMS 0x00000000b9700000, 0x00000000b9700000|
| 140|0x00000000b9800000, 0x00000000b9800000, 0x00000000b9900000|  0%| F|  |TS 13|AC  0|TAMS 0x00000000b9800000, 0x00000000b9800000|
| 141|0x00000000b9900000, 0x00000000b9900000, 0x00000000b9a00000|  0%| F|  |TS 13|AC  0|TAMS 0x00000000b9900000, 0x00000000b9900000|
| 142|0x00000000b9a00000, 0x00000000b9a00000, 0x00000000b9b00000|  0%| F|  |TS 13|AC  0|TAMS 0x00000000b9a00000, 0x00000000b9a00000|
| 143|0x00000000b9b00000, 0x00000000b9b00000, 0x00000000b9c00000|  0%| F|  |TS 13|AC  0|TAMS 0x00000000b9b00000, 0x00000000b9b00000|
| 144|0x00000000b9c00000, 0x00000000b9c00000, 0x00000000b9d00000|  0%| F|  |TS 13|AC  0|TAMS 0x00000000b9c00000, 0x00000000b9c00000|
| 145|0x00000000b9d00000, 0x00000000b9d00000, 0x00000000b9e00000|  0%| F|  |TS 13|AC  0|TAMS 0x00000000b9d00000, 0x00000000b9d00000|
| 146|0x00000000b9e00000, 0x00000000b9e00000, 0x00000000b9f00000|  0%| F|  |TS 13|AC  0|TAMS 0x00000000b9e00000, 0x00000000b9e00000|
| 147|0x00000000b9f00000, 0x00000000b9f00000, 0x00000000ba000000|  0%| F|  |TS 13|AC  0|TAMS 0x00000000b9f00000, 0x00000000b9f00000|
| 148|0x00000000ba000000, 0x00000000ba000000, 0x00000000ba100000|  0%| F|  |TS 13|AC  0|TAMS 0x00000000ba000000, 0x00000000ba000000|
| 149|0x00000000ba100000, 0x00000000ba100000, 0x00000000ba200000|  0%| F|  |TS 13|AC  0|TAMS 0x00000000ba100000, 0x00000000ba100000|
| 150|0x00000000ba200000, 0x00000000ba200000, 0x00000000ba300000|  0%| F|  |TS 13|AC  0|TAMS 0x00000000ba200000, 0x00000000ba200000|
| 151|0x00000000ba300000, 0x00000000ba300000, 0x00000000ba400000|  0%| F|  |TS 13|AC  0|TAMS 0x00000000ba300000, 0x00000000ba300000|
| 152|0x00000000ba400000, 0x00000000ba400000, 0x00000000ba500000|  0%| F|  |TS 13|AC  0|TAMS 0x00000000ba400000, 0x00000000ba400000|
| 153|0x00000000ba500000, 0x00000000ba500000, 0x00000000ba600000|  0%| F|  |TS 13|AC  0|TAMS 0x00000000ba500000, 0x00000000ba500000|
| 154|0x00000000ba600000, 0x00000000ba600000, 0x00000000ba700000|  0%| F|  |TS 13|AC  0|TAMS 0x00000000ba600000, 0x00000000ba600000|
| 155|0x00000000ba700000, 0x00000000ba700000, 0x00000000ba800000|  0%| F|  |TS 13|AC  0|TAMS 0x00000000ba700000, 0x00000000ba700000|
| 156|0x00000000ba800000, 0x00000000ba800000, 0x00000000ba900000|  0%| F|  |TS 13|AC  0|TAMS 0x00000000ba800000, 0x00000000ba800000|
| 157|0x00000000ba900000, 0x00000000ba900000, 0x00000000baa00000|  0%| F|  |TS 13|AC  0|TAMS 0x00000000ba900000, 0x00000000ba900000|
| 158|0x00000000baa00000, 0x00000000baa00000, 0x00000000bab00000|  0%| F|  |TS 13|AC  0|TAMS 0x00000000baa00000, 0x00000000baa00000|
| 159|0x00000000bab00000, 0x00000000bab00000, 0x00000000bac00000|  0%| F|  |TS 13|AC  0|TAMS 0x00000000bab00000, 0x00000000bab00000|
| 160|0x00000000bac00000, 0x00000000bac00000, 0x00000000bad00000|  0%| F|  |TS 13|AC  0|TAMS 0x00000000bac00000, 0x00000000bac00000|
| 161|0x00000000bad00000, 0x00000000bad00000, 0x00000000bae00000|  0%| F|  |TS 13|AC  0|TAMS 0x00000000bad00000, 0x00000000bad00000|
| 162|0x00000000bae00000, 0x00000000bae00000, 0x00000000baf00000|  0%| F|  |TS 13|AC  0|TAMS 0x00000000bae00000, 0x00000000bae00000|
| 163|0x00000000baf00000, 0x00000000baf00000, 0x00000000bb000000|  0%| F|  |TS 13|AC  0|TAMS 0x00000000baf00000, 0x00000000baf00000|
| 164|0x00000000bb000000, 0x00000000bb000000, 0x00000000bb100000|  0%| F|  |TS 13|AC  0|TAMS 0x00000000bb000000, 0x00000000bb000000|
| 165|0x00000000bb100000, 0x00000000bb100000, 0x00000000bb200000|  0%| F|  |TS 13|AC  0|TAMS 0x00000000bb100000, 0x00000000bb100000|
| 166|0x00000000bb200000, 0x00000000bb200000, 0x00000000bb300000|  0%| F|  |TS 13|AC  0|TAMS 0x00000000bb200000, 0x00000000bb200000|
| 167|0x00000000bb300000, 0x00000000bb300000, 0x00000000bb400000|  0%| F|  |TS 13|AC  0|TAMS 0x00000000bb300000, 0x00000000bb300000|
| 168|0x00000000bb400000, 0x00000000bb400000, 0x00000000bb500000|  0%| F|  |TS 13|AC  0|TAMS 0x00000000bb400000, 0x00000000bb400000|
| 169|0x00000000bb500000, 0x00000000bb500000, 0x00000000bb600000|  0%| F|  |TS 13|AC  0|TAMS 0x00000000bb500000, 0x00000000bb500000|
| 170|0x00000000bb600000, 0x00000000bb600000, 0x00000000bb700000|  0%| F|  |TS 13|AC  0|TAMS 0x00000000bb600000, 0x00000000bb600000|
| 171|0x00000000bb700000, 0x00000000bb700000, 0x00000000bb800000|  0%| F|  |TS 13|AC  0|TAMS 0x00000000bb700000, 0x00000000bb700000|
| 172|0x00000000bb800000, 0x00000000bb800000, 0x00000000bb900000|  0%| F|  |TS 13|AC  0|TAMS 0x00000000bb800000, 0x00000000bb800000|
| 173|0x00000000bb900000, 0x00000000bb900000, 0x00000000bba00000|  0%| F|  |TS 13|AC  0|TAMS 0x00000000bb900000, 0x00000000bb900000|
| 174|0x00000000bba00000, 0x00000000bba00000, 0x00000000bbb00000|  0%| F|  |TS 13|AC  0|TAMS 0x00000000bba00000, 0x00000000bba00000|
| 175|0x00000000bbb00000, 0x00000000bbb00000, 0x00000000bbc00000|  0%| F|  |TS 13|AC  0|TAMS 0x00000000bbb00000, 0x00000000bbb00000|
| 176|0x00000000bbc00000, 0x00000000bbc00000, 0x00000000bbd00000|  0%| F|  |TS 13|AC  0|TAMS 0x00000000bbc00000, 0x00000000bbc00000|
| 177|0x00000000bbd00000, 0x00000000bbd00000, 0x00000000bbe00000|  0%| F|  |TS 13|AC  0|TAMS 0x00000000bbd00000, 0x00000000bbd00000|
| 178|0x00000000bbe00000, 0x00000000bbe00000, 0x00000000bbf00000|  0%| F|  |TS 13|AC  0|TAMS 0x00000000bbe00000, 0x00000000bbe00000|
| 179|0x00000000bbf00000, 0x00000000bbf00000, 0x00000000bc000000|  0%| F|  |TS 13|AC  0|TAMS 0x00000000bbf00000, 0x00000000bbf00000|
| 180|0x00000000bc000000, 0x00000000bc000000, 0x00000000bc100000|  0%| F|  |TS 13|AC  0|TAMS 0x00000000bc000000, 0x00000000bc000000|
| 181|0x00000000bc100000, 0x00000000bc100000, 0x00000000bc200000|  0%| F|  |TS 13|AC  0|TAMS 0x00000000bc100000, 0x00000000bc100000|
| 182|0x00000000bc200000, 0x00000000bc200000, 0x00000000bc300000|  0%| F|  |TS 13|AC  0|TAMS 0x00000000bc200000, 0x00000000bc200000|
| 183|0x00000000bc300000, 0x00000000bc300000, 0x00000000bc400000|  0%| F|  |TS 13|AC  0|TAMS 0x00000000bc300000, 0x00000000bc300000|
| 184|0x00000000bc400000, 0x00000000bc400000, 0x00000000bc500000|  0%| F|  |TS 13|AC  0|TAMS 0x00000000bc400000, 0x00000000bc400000|
| 185|0x00000000bc500000, 0x00000000bc500000, 0x00000000bc600000|  0%| F|  |TS 13|AC  0|TAMS 0x00000000bc500000, 0x00000000bc500000|
| 186|0x00000000bc600000, 0x00000000bc600000, 0x00000000bc700000|  0%| F|  |TS 13|AC  0|TAMS 0x00000000bc600000, 0x00000000bc600000|
| 187|0x00000000bc700000, 0x00000000bc700000, 0x00000000bc800000|  0%| F|  |TS 13|AC  0|TAMS 0x00000000bc700000, 0x00000000bc700000|
| 188|0x00000000bc800000, 0x00000000bc800000, 0x00000000bc900000|  0%| F|  |TS 13|AC  0|TAMS 0x00000000bc800000, 0x00000000bc800000|
| 189|0x00000000bc900000, 0x00000000bc900000, 0x00000000bca00000|  0%| F|  |TS 13|AC  0|TAMS 0x00000000bc900000, 0x00000000bc900000|
| 190|0x00000000bca00000, 0x00000000bca00000, 0x00000000bcb00000|  0%| F|  |TS 13|AC  0|TAMS 0x00000000bca00000, 0x00000000bca00000|
| 191|0x00000000bcb00000, 0x00000000bcb00000, 0x00000000bcc00000|  0%| F|  |TS 13|AC  0|TAMS 0x00000000bcb00000, 0x00000000bcb00000|
| 192|0x00000000bcc00000, 0x00000000bcc00000, 0x00000000bcd00000|  0%| F|  |TS 13|AC  0|TAMS 0x00000000bcc00000, 0x00000000bcc00000|
| 193|0x00000000bcd00000, 0x00000000bcd00000, 0x00000000bce00000|  0%| F|  |TS 13|AC  0|TAMS 0x00000000bcd00000, 0x00000000bcd00000|
| 194|0x00000000bce00000, 0x00000000bce00000, 0x00000000bcf00000|  0%| F|  |TS 13|AC  0|TAMS 0x00000000bce00000, 0x00000000bce00000|
| 195|0x00000000bcf00000, 0x00000000bcf00000, 0x00000000bd000000|  0%| F|  |TS 13|AC  0|TAMS 0x00000000bcf00000, 0x00000000bcf00000|
| 196|0x00000000bd000000, 0x00000000bd000000, 0x00000000bd100000|  0%| F|  |TS 13|AC  0|TAMS 0x00000000bd000000, 0x00000000bd000000|
| 197|0x00000000bd100000, 0x00000000bd100000, 0x00000000bd200000|  0%| F|  |TS 13|AC  0|TAMS 0x00000000bd100000, 0x00000000bd100000|
| 198|0x00000000bd200000, 0x00000000bd200000, 0x00000000bd300000|  0%| F|  |TS 13|AC  0|TAMS 0x00000000bd200000, 0x00000000bd200000|
| 199|0x00000000bd300000, 0x00000000bd300000, 0x00000000bd400000|  0%| F|  |TS 13|AC  0|TAMS 0x00000000bd300000, 0x00000000bd300000|
| 200|0x00000000bd400000, 0x00000000bd400000, 0x00000000bd500000|  0%| F|  |TS 13|AC  0|TAMS 0x00000000bd400000, 0x00000000bd400000|
| 201|0x00000000bd500000, 0x00000000bd500000, 0x00000000bd600000|  0%| F|  |TS 13|AC  0|TAMS 0x00000000bd500000, 0x00000000bd500000|
| 202|0x00000000bd600000, 0x00000000bd600000, 0x00000000bd700000|  0%| F|  |TS 13|AC  0|TAMS 0x00000000bd600000, 0x00000000bd600000|
| 203|0x00000000bd700000, 0x00000000bd700000, 0x00000000bd800000|  0%| F|  |TS 13|AC  0|TAMS 0x00000000bd700000, 0x00000000bd700000|
| 204|0x00000000bd800000, 0x00000000bd800000, 0x00000000bd900000|  0%| F|  |TS 13|AC  0|TAMS 0x00000000bd800000, 0x00000000bd800000|
| 205|0x00000000bd900000, 0x00000000bd900000, 0x00000000bda00000|  0%| F|  |TS 13|AC  0|TAMS 0x00000000bd900000, 0x00000000bd900000|
| 206|0x00000000bda00000, 0x00000000bda00000, 0x00000000bdb00000|  0%| F|  |TS 13|AC  0|TAMS 0x00000000bda00000, 0x00000000bda00000|
| 207|0x00000000bdb00000, 0x00000000bdb00000, 0x00000000bdc00000|  0%| F|  |TS 13|AC  0|TAMS 0x00000000bdb00000, 0x00000000bdb00000|
| 208|0x00000000bdc00000, 0x00000000bdc00000, 0x00000000bdd00000|  0%| F|  |TS 13|AC  0|TAMS 0x00000000bdc00000, 0x00000000bdc00000|
| 209|0x00000000bdd00000, 0x00000000bdd00000, 0x00000000bde00000|  0%| F|  |TS 13|AC  0|TAMS 0x00000000bdd00000, 0x00000000bdd00000|
| 210|0x00000000bde00000, 0x00000000bde00000, 0x00000000bdf00000|  0%| F|  |TS 13|AC  0|TAMS 0x00000000bde00000, 0x00000000bde00000|
| 211|0x00000000bdf00000, 0x00000000bdf00000, 0x00000000be000000|  0%| F|  |TS 13|AC  0|TAMS 0x00000000bdf00000, 0x00000000bdf00000|
| 212|0x00000000be000000, 0x00000000be000000, 0x00000000be100000|  0%| F|  |TS 13|AC  0|TAMS 0x00000000be000000, 0x00000000be000000|
| 213|0x00000000be100000, 0x00000000be100000, 0x00000000be200000|  0%| F|  |TS 13|AC  0|TAMS 0x00000000be100000, 0x00000000be100000|
| 214|0x00000000be200000, 0x00000000be200000, 0x00000000be300000|  0%| F|  |TS 13|AC  0|TAMS 0x00000000be200000, 0x00000000be200000|
| 215|0x00000000be300000, 0x00000000be300000, 0x00000000be400000|  0%| F|  |TS 13|AC  0|TAMS 0x00000000be300000, 0x00000000be300000|
| 216|0x00000000be400000, 0x00000000be400000, 0x00000000be500000|  0%| F|  |TS 13|AC  0|TAMS 0x00000000be400000, 0x00000000be400000|
| 217|0x00000000be500000, 0x00000000be500000, 0x00000000be600000|  0%| F|  |TS 13|AC  0|TAMS 0x00000000be500000, 0x00000000be500000|
| 218|0x00000000be600000, 0x00000000be600000, 0x00000000be700000|  0%| F|  |TS 13|AC  0|TAMS 0x00000000be600000, 0x00000000be600000|
| 219|0x00000000be700000, 0x00000000be700000, 0x00000000be800000|  0%| F|  |TS 13|AC  0|TAMS 0x00000000be700000, 0x00000000be700000|
| 220|0x00000000be800000, 0x00000000be800000, 0x00000000be900000|  0%| F|  |TS 13|AC  0|TAMS 0x00000000be800000, 0x00000000be800000|
| 221|0x00000000be900000, 0x00000000be900000, 0x00000000bea00000|  0%| F|  |TS 13|AC  0|TAMS 0x00000000be900000, 0x00000000be900000|
| 222|0x00000000bea00000, 0x00000000bea00000, 0x00000000beb00000|  0%| F|  |TS 13|AC  0|TAMS 0x00000000bea00000, 0x00000000bea00000|
| 223|0x00000000beb00000, 0x00000000beb00000, 0x00000000bec00000|  0%| F|  |TS 13|AC  0|TAMS 0x00000000beb00000, 0x00000000beb00000|
| 224|0x00000000bec00000, 0x00000000bec00000, 0x00000000bed00000|  0%| F|  |TS 13|AC  0|TAMS 0x00000000bec00000, 0x00000000bec00000|
| 225|0x00000000bed00000, 0x00000000bed00000, 0x00000000bee00000|  0%| F|  |TS 13|AC  0|TAMS 0x00000000bed00000, 0x00000000bed00000|
| 226|0x00000000bee00000, 0x00000000bee00000, 0x00000000bef00000|  0%| F|  |TS 13|AC  0|TAMS 0x00000000bee00000, 0x00000000bee00000|
| 227|0x00000000bef00000, 0x00000000bef00000, 0x00000000bf000000|  0%| F|  |TS 13|AC  0|TAMS 0x00000000bef00000, 0x00000000bef00000|
| 228|0x00000000bf000000, 0x00000000bf000000, 0x00000000bf100000|  0%| F|  |TS 13|AC  0|TAMS 0x00000000bf000000, 0x00000000bf000000|
| 229|0x00000000bf100000, 0x00000000bf100000, 0x00000000bf200000|  0%| F|  |TS 13|AC  0|TAMS 0x00000000bf100000, 0x00000000bf100000|
| 230|0x00000000bf200000, 0x00000000bf200000, 0x00000000bf300000|  0%| F|  |TS 13|AC  0|TAMS 0x00000000bf200000, 0x00000000bf200000|
| 231|0x00000000bf300000, 0x00000000bf300000, 0x00000000bf400000|  0%| F|  |TS 13|AC  0|TAMS 0x00000000bf300000, 0x00000000bf300000|
| 232|0x00000000bf400000, 0x00000000bf400000, 0x00000000bf500000|  0%| F|  |TS 13|AC  0|TAMS 0x00000000bf400000, 0x00000000bf400000|
| 233|0x00000000bf500000, 0x00000000bf500000, 0x00000000bf600000|  0%| F|  |TS 13|AC  0|TAMS 0x00000000bf500000, 0x00000000bf500000|
| 234|0x00000000bf600000, 0x00000000bf600000, 0x00000000bf700000|  0%| F|  |TS 13|AC  0|TAMS 0x00000000bf600000, 0x00000000bf600000|
| 235|0x00000000bf700000, 0x00000000bf700000, 0x00000000bf800000|  0%| F|  |TS 13|AC  0|TAMS 0x00000000bf700000, 0x00000000bf700000|
| 236|0x00000000bf800000, 0x00000000bf800000, 0x00000000bf900000|  0%| F|  |TS 13|AC  0|TAMS 0x00000000bf800000, 0x00000000bf800000|
| 237|0x00000000bf900000, 0x00000000bf900000, 0x00000000bfa00000|  0%| F|  |TS 13|AC  0|TAMS 0x00000000bf900000, 0x00000000bf900000|
| 238|0x00000000bfa00000, 0x00000000bfa00000, 0x00000000bfb00000|  0%| F|  |TS 13|AC  0|TAMS 0x00000000bfa00000, 0x00000000bfa00000|
| 239|0x00000000bfb00000, 0x00000000bfb00000, 0x00000000bfc00000|  0%| F|  |TS 13|AC  0|TAMS 0x00000000bfb00000, 0x00000000bfb00000|
| 240|0x00000000bfc00000, 0x00000000bfc00000, 0x00000000bfd00000|  0%| F|  |TS 13|AC  0|TAMS 0x00000000bfc00000, 0x00000000bfc00000|
| 241|0x00000000bfd00000, 0x00000000bfd00000, 0x00000000bfe00000|  0%| F|  |TS 13|AC  0|TAMS 0x00000000bfd00000, 0x00000000bfd00000|
| 242|0x00000000bfe00000, 0x00000000bfe00000, 0x00000000bff00000|  0%| F|  |TS 13|AC  0|TAMS 0x00000000bfe00000, 0x00000000bfe00000|
| 243|0x00000000bff00000, 0x00000000bff00000, 0x00000000c0000000|  0%| F|  |TS 13|AC  0|TAMS 0x00000000bff00000, 0x00000000bff00000|
| 244|0x00000000c0000000, 0x00000000c0000000, 0x00000000c0100000|  0%| F|  |TS 13|AC  0|TAMS 0x00000000c0000000, 0x00000000c0000000|
| 245|0x00000000c0100000, 0x00000000c0100000, 0x00000000c0200000|  0%| F|  |TS 13|AC  0|TAMS 0x00000000c0100000, 0x00000000c0100000|
| 246|0x00000000c0200000, 0x00000000c0200000, 0x00000000c0300000|  0%| F|  |TS 13|AC  0|TAMS 0x00000000c0200000, 0x00000000c0200000|
| 247|0x00000000c0300000, 0x00000000c0300000, 0x00000000c0400000|  0%| F|  |TS 13|AC  0|TAMS 0x00000000c0300000, 0x00000000c0300000|
| 248|0x00000000c0400000, 0x00000000c0400000, 0x00000000c0500000|  0%| F|  |TS 13|AC  0|TAMS 0x00000000c0400000, 0x00000000c0400000|
| 249|0x00000000c0500000, 0x00000000c0500000, 0x00000000c0600000|  0%| F|  |TS 13|AC  0|TAMS 0x00000000c0500000, 0x00000000c0500000|
| 250|0x00000000c0600000, 0x00000000c0600000, 0x00000000c0700000|  0%| F|  |TS 13|AC  0|TAMS 0x00000000c0600000, 0x00000000c0600000|
| 251|0x00000000c0700000, 0x00000000c0700000, 0x00000000c0800000|  0%| F|  |TS 13|AC  0|TAMS 0x00000000c0700000, 0x00000000c0700000|
| 252|0x00000000c0800000, 0x00000000c0800000, 0x00000000c0900000|  0%| F|  |TS 13|AC  0|TAMS 0x00000000c0800000, 0x00000000c0800000|
| 253|0x00000000c0900000, 0x00000000c0900000, 0x00000000c0a00000|  0%| F|  |TS 13|AC  0|TAMS 0x00000000c0900000, 0x00000000c0900000|
| 254|0x00000000c0a00000, 0x00000000c0a00000, 0x00000000c0b00000|  0%| F|  |TS 13|AC  0|TAMS 0x00000000c0a00000, 0x00000000c0a00000|
| 255|0x00000000c0b00000, 0x00000000c0b00000, 0x00000000c0c00000|  0%| F|  |TS 13|AC  0|TAMS 0x00000000c0b00000, 0x00000000c0b00000|
| 256|0x00000000c0c00000, 0x00000000c0c00000, 0x00000000c0d00000|  0%| F|  |TS 13|AC  0|TAMS 0x00000000c0c00000, 0x00000000c0c00000|
| 257|0x00000000c0d00000, 0x00000000c0d00000, 0x00000000c0e00000|  0%| F|  |TS 13|AC  0|TAMS 0x00000000c0d00000, 0x00000000c0d00000|
| 258|0x00000000c0e00000, 0x00000000c0e00000, 0x00000000c0f00000|  0%| F|  |TS 13|AC  0|TAMS 0x00000000c0e00000, 0x00000000c0e00000|
| 259|0x00000000c0f00000, 0x00000000c0f00000, 0x00000000c1000000|  0%| F|  |TS 13|AC  0|TAMS 0x00000000c0f00000, 0x00000000c0f00000|
| 260|0x00000000c1000000, 0x00000000c1000000, 0x00000000c1100000|  0%| F|  |TS 13|AC  0|TAMS 0x00000000c1000000, 0x00000000c1000000|
| 261|0x00000000c1100000, 0x00000000c1100000, 0x00000000c1200000|  0%| F|  |TS 13|AC  0|TAMS 0x00000000c1100000, 0x00000000c1100000|
| 262|0x00000000c1200000, 0x00000000c1200000, 0x00000000c1300000|  0%| F|  |TS 13|AC  0|TAMS 0x00000000c1200000, 0x00000000c1200000|
| 263|0x00000000c1300000, 0x00000000c1300000, 0x00000000c1400000|  0%| F|  |TS 13|AC  0|TAMS 0x00000000c1300000, 0x00000000c1300000|
| 264|0x00000000c1400000, 0x00000000c1400000, 0x00000000c1500000|  0%| F|  |TS 13|AC  0|TAMS 0x00000000c1400000, 0x00000000c1400000|
| 265|0x00000000c1500000, 0x00000000c1500000, 0x00000000c1600000|  0%| F|  |TS 13|AC  0|TAMS 0x00000000c1500000, 0x00000000c1500000|
| 266|0x00000000c1600000, 0x00000000c1600000, 0x00000000c1700000|  0%| F|  |TS 13|AC  0|TAMS 0x00000000c1600000, 0x00000000c1600000|
| 267|0x00000000c1700000, 0x00000000c1700000, 0x00000000c1800000|  0%| F|  |TS 13|AC  0|TAMS 0x00000000c1700000, 0x00000000c1700000|
| 268|0x00000000c1800000, 0x00000000c1800000, 0x00000000c1900000|  0%| F|  |TS 13|AC  0|TAMS 0x00000000c1800000, 0x00000000c1800000|
| 269|0x00000000c1900000, 0x00000000c1900000, 0x00000000c1a00000|  0%| F|  |TS 13|AC  0|TAMS 0x00000000c1900000, 0x00000000c1900000|
| 270|0x00000000c1a00000, 0x00000000c1a00000, 0x00000000c1b00000|  0%| F|  |TS 13|AC  0|TAMS 0x00000000c1a00000, 0x00000000c1a00000|
| 271|0x00000000c1b00000, 0x00000000c1b00000, 0x00000000c1c00000|  0%| F|  |TS 13|AC  0|TAMS 0x00000000c1b00000, 0x00000000c1b00000|
| 272|0x00000000c1c00000, 0x00000000c1c00000, 0x00000000c1d00000|  0%| F|  |TS 13|AC  0|TAMS 0x00000000c1c00000, 0x00000000c1c00000|
| 273|0x00000000c1d00000, 0x00000000c1d00000, 0x00000000c1e00000|  0%| F|  |TS 13|AC  0|TAMS 0x00000000c1d00000, 0x00000000c1d00000|
| 274|0x00000000c1e00000, 0x00000000c1e00000, 0x00000000c1f00000|  0%| F|  |TS 13|AC  0|TAMS 0x00000000c1e00000, 0x00000000c1e00000|
| 275|0x00000000c1f00000, 0x00000000c1f00000, 0x00000000c2000000|  0%| F|  |TS 13|AC  0|TAMS 0x00000000c1f00000, 0x00000000c1f00000|
| 276|0x00000000c2000000, 0x00000000c2000000, 0x00000000c2100000|  0%| F|  |TS 13|AC  0|TAMS 0x00000000c2000000, 0x00000000c2000000|
| 277|0x00000000c2100000, 0x00000000c2100000, 0x00000000c2200000|  0%| F|  |TS 13|AC  0|TAMS 0x00000000c2100000, 0x00000000c2100000|
| 278|0x00000000c2200000, 0x00000000c2200000, 0x00000000c2300000|  0%| F|  |TS 13|AC  0|TAMS 0x00000000c2200000, 0x00000000c2200000|
| 279|0x00000000c2300000, 0x00000000c2300000, 0x00000000c2400000|  0%| F|  |TS 13|AC  0|TAMS 0x00000000c2300000, 0x00000000c2300000|
| 280|0x00000000c2400000, 0x00000000c2400000, 0x00000000c2500000|  0%| F|  |TS 13|AC  0|TAMS 0x00000000c2400000, 0x00000000c2400000|
| 281|0x00000000c2500000, 0x00000000c2500000, 0x00000000c2600000|  0%| F|  |TS 13|AC  0|TAMS 0x00000000c2500000, 0x00000000c2500000|
| 282|0x00000000c2600000, 0x00000000c2600000, 0x00000000c2700000|  0%| F|  |TS 13|AC  0|TAMS 0x00000000c2600000, 0x00000000c2600000|
| 283|0x00000000c2700000, 0x00000000c2700000, 0x00000000c2800000|  0%| F|  |TS 13|AC  0|TAMS 0x00000000c2700000, 0x00000000c2700000|
| 284|0x00000000c2800000, 0x00000000c2800000, 0x00000000c2900000|  0%| F|  |TS 13|AC  0|TAMS 0x00000000c2800000, 0x00000000c2800000|
| 285|0x00000000c2900000, 0x00000000c2900000, 0x00000000c2a00000|  0%| F|  |TS 13|AC  0|TAMS 0x00000000c2900000, 0x00000000c2900000|
| 286|0x00000000c2a00000, 0x00000000c2a00000, 0x00000000c2b00000|  0%| F|  |TS 13|AC  0|TAMS 0x00000000c2a00000, 0x00000000c2a00000|
| 287|0x00000000c2b00000, 0x00000000c2b00000, 0x00000000c2c00000|  0%| F|  |TS 13|AC  0|TAMS 0x00000000c2b00000, 0x00000000c2b00000|
| 288|0x00000000c2c00000, 0x00000000c2c00000, 0x00000000c2d00000|  0%| F|  |TS 13|AC  0|TAMS 0x00000000c2c00000, 0x00000000c2c00000|
| 289|0x00000000c2d00000, 0x00000000c2d00000, 0x00000000c2e00000|  0%| F|  |TS 13|AC  0|TAMS 0x00000000c2d00000, 0x00000000c2d00000|
| 290|0x00000000c2e00000, 0x00000000c2e00000, 0x00000000c2f00000|  0%| F|  |TS 13|AC  0|TAMS 0x00000000c2e00000, 0x00000000c2e00000|
| 291|0x00000000c2f00000, 0x00000000c2f00000, 0x00000000c3000000|  0%| F|  |TS 13|AC  0|TAMS 0x00000000c2f00000, 0x00000000c2f00000|
| 292|0x00000000c3000000, 0x00000000c3000000, 0x00000000c3100000|  0%| F|  |TS 13|AC  0|TAMS 0x00000000c3000000, 0x00000000c3000000|
| 293|0x00000000c3100000, 0x00000000c3100000, 0x00000000c3200000|  0%| F|  |TS 13|AC  0|TAMS 0x00000000c3100000, 0x00000000c3100000|

Card table byte_map: [0x00007f46de20a000,0x00007f46de484000] byte_map_base: 0x00007f46ddc84000

Marking Bits (Prev, Next): (CMBitMap*) 0x00007f46f8048b70, (CMBitMap*) 0x00007f46f8048ba8
 Prev Bits: [0x00007f46dcbc0000, 0x00007f46ddf90000)
 Next Bits: [0x00007f46cec30000, 0x00007f46d0000000)

Polling page: 0x00007f46ff34b000

CodeHeap 'non-profiled nmethods': size=120032Kb used=230Kb max_used=230Kb free=119801Kb
 bounds [0x00007f46e6ba8000, 0x00007f46e6e18000, 0x00007f46ee0e0000]
CodeHeap 'profiled nmethods': size=120032Kb used=698Kb max_used=698Kb free=119333Kb
 bounds [0x00007f46df670000, 0x00007f46df8e0000, 0x00007f46e6ba8000]
CodeHeap 'non-nmethods': size=5696Kb used=1030Kb max_used=1059Kb free=4665Kb
 bounds [0x00007f46df0e0000, 0x00007f46df350000, 0x00007f46df670000]
 total_blobs=907 nmethods=410 adapters=236
 compilation: enabled

Compilation events (10 events):
Event: 1.703 Thread 0x00007f46f811a000  405       3       sun.nio.ch.IOUtil::readIntoNativeBuffer (157 bytes)
Event: 1.704 Thread 0x00007f46f811a000 nmethod 405 0x00007f46df71ad10 code [0x00007f46df71af60, 0x00007f46df71b908]
Event: 1.704 Thread 0x00007f46f811a000  406       3       sun.nio.ch.FileDispatcherImpl::read (8 bytes)
Event: 1.704 Thread 0x00007f46f811a000 nmethod 406 0x00007f46df71bc10 code [0x00007f46df71bdc0, 0x00007f46df71bf48]
Event: 1.704 Thread 0x00007f46f811a000  409       3       java.nio.channels.spi.AbstractInterruptibleChannel::begin (48 bytes)
Event: 1.704 Thread 0x00007f46f811a000 nmethod 409 0x00007f46df71c010 code [0x00007f46df71c240, 0x00007f46df71cc38]
Event: 1.704 Thread 0x00007f46f811a000  410   !   3       sun.nio.ch.NativeThreadSet::add (155 bytes)
Event: 1.705 Thread 0x00007f46f811a000 nmethod 410 0x00007f46df71cf90 code [0x00007f46df71d180, 0x00007f46df71d878]
Event: 1.705 Thread 0x00007f46f811a000  411   !   3       sun.nio.ch.IOUtil::read (129 bytes)
Event: 1.705 Thread 0x00007f46f811a000 nmethod 411 0x00007f46df71db10 code [0x00007f46df71dd80, 0x00007f46df71e668]

GC Heap History (10 events):
Event: 1.116 GC heap after
{Heap after GC invocations=8 (full 0):
 garbage-first heap   total 135168K, used 8766K [0x00000000b0c00000, 0x0000000100000000)
  region size 1024K, 3 young (3072K), 3 survivors (3072K)
 Metaspace       used 6152K, capacity 6262K, committed 6528K, reserved 1056768K
  class space    used 493K, capacity 515K, committed 640K, reserved 1048576K
}
Event: 1.193 GC heap before
{Heap before GC invocations=8 (full 0):
 garbage-first heap   total 135168K, used 89662K [0x00000000b0c00000, 0x0000000100000000)
  region size 1024K, 79 young (80896K), 3 survivors (3072K)
 Metaspace       used 6157K, capacity 6262K, committed 6528K, reserved 1056768K
  class space    used 493K, capacity 515K, committed 640K, reserved 1048576K
}
Event: 1.231 GC heap after
{Heap after GC invocations=9 (full 0):
 garbage-first heap   total 301056K, used 12156K [0x00000000b0c00000, 0x0000000100000000)
  region size 1024K, 3 young (3072K), 3 survivors (3072K)
 Metaspace       used 6157K, capacity 6262K, committed 6528K, reserved 1056768K
  class space    used 493K, capacity 515K, committed 640K, reserved 1048576K
}
Event: 1.340 GC heap before
{Heap before GC invocations=9 (full 0):
 garbage-first heap   total 301056K, used 105340K [0x00000000b0c00000, 0x0000000100000000)
  region size 1024K, 94 young (96256K), 3 survivors (3072K)
 Metaspace       used 6160K, capacity 6262K, committed 6528K, reserved 1056768K
  class space    used 493K, capacity 515K, committed 640K, reserved 1048576K
}
Event: 1.357 GC heap after
{Heap after GC invocations=10 (full 0):
 garbage-first heap   total 301056K, used 12681K [0x00000000b0c00000, 0x0000000100000000)
  region size 1024K, 4 young (4096K), 4 survivors (4096K)
 Metaspace       used 6160K, capacity 6262K, committed 6528K, reserved 1056768K
  class space    used 493K, capacity 515K, committed 640K, reserved 1048576K
}
Event: 1.467 GC heap before
{Heap before GC invocations=10 (full 0):
 garbage-first heap   total 301056K, used 136585K [0x00000000b0c00000, 0x0000000100000000)
  region size 1024K, 120 young (122880K), 4 survivors (4096K)
 Metaspace       used 6169K, capacity 6262K, committed 6528K, reserved 1056768K
  class space    used 493K, capacity 515K, committed 640K, reserved 1048576K
}
Event: 1.513 GC heap after
{Heap after GC invocations=11 (full 0):
 garbage-first heap   total 301056K, used 18338K [0x00000000b0c00000, 0x0000000100000000)
  region size 1024K, 4 young (4096K), 4 survivors (4096K)
 Metaspace       used 6169K, capacity 6262K, committed 6528K, reserved 1056768K
  class space    used 493K, capacity 515K, committed 640K, reserved 1048576K
}
Event: 1.630 GC heap before
{Heap before GC invocations=11 (full 0):
 garbage-first heap   total 301056K, used 153506K [0x00000000b0c00000, 0x0000000100000000)
  region size 1024K, 136 young (139264K), 4 survivors (4096K)
 Metaspace       used 6169K, capacity 6262K, committed 6528K, reserved 1056768K
  class space    used 493K, capacity 515K, committed 640K, reserved 1048576K
}
Event: 1.649 GC heap after
{Heap after GC invocations=12 (full 0):
 garbage-first heap   total 301056K, used 18961K [0x00000000b0c00000, 0x0000000100000000)
  region size 1024K, 5 young (5120K), 5 survivors (5120K)
 Metaspace       used 6169K, capacity 6262K, committed 6528K, reserved 1056768K
  class space    used 493K, capacity 515K, committed 640K, reserved 1048576K
}
Event: 1.807 GC heap before
{Heap before GC invocations=12 (full 0):
 garbage-first heap   total 301056K, used 187921K [0x00000000b0c00000, 0x0000000100000000)
  region size 1024K, 163 young (166912K), 5 survivors (5120K)
 Metaspace       used 6182K, capacity 6326K, committed 6528K, reserved 1056768K
  class space    used 493K, capacity 515K, committed 640K, reserved 1048576K
}

Deoptimization events (2 events):
Event: 0.155 Thread 0x00007f46f8011800 Uncommon trap: reason=unstable_if action=reinterpret pc=0x00007f46e6bacb70 method=java.lang.String.hashCode()I @ 14 c2
Event: 0.226 Thread 0x00007f46f8011800 Uncommon trap: reason=unstable_if action=reinterpret pc=0x00007f46e6bb0f8c method=java.lang.String.isLatin1()Z @ 10 c2

Classes redefined (0 events):
No events

Internal exceptions (2 events):
Event: 0.196 Thread 0x00007f46f8011800 Exception <a 'java/lang/NoSuchMethodError'{0x00000000b5a30bd8}: java.lang.Object.lambda$negate$3(I)Z> (0x00000000b5a30bd8) thrown at [/build/openjdk-lts-_stSEe/openjdk-lts-10.0.2+13/src/hotspot/share/interpreter/linkResolver.cpp, line 741]
Event: 0.197 Thread 0x00007f46f8011800 Exception <a 'java/lang/NoSuchMethodError'{0x00000000b5a33ef8}: java.lang.Object.lambda$and$0(Ljava/util/regex/Pattern$CharPredicate;I)Z> (0x00000000b5a33ef8) thrown at [/build/openjdk-lts-_stSEe/openjdk-lts-10.0.2+13/src/hotspot/share/interpreter/linkRes

Events (10 events):
Event: 1.116 Executing VM operation: G1IncCollectionPause done
Event: 1.193 Executing VM operation: G1IncCollectionPause
Event: 1.231 Executing VM operation: G1IncCollectionPause done
Event: 1.340 Executing VM operation: G1IncCollectionPause
Event: 1.357 Executing VM operation: G1IncCollectionPause done
Event: 1.467 Executing VM operation: G1IncCollectionPause
Event: 1.513 Executing VM operation: G1IncCollectionPause done
Event: 1.630 Executing VM operation: G1IncCollectionPause
Event: 1.649 Executing VM operation: G1IncCollectionPause done
Event: 1.807 Executing VM operation: G1IncCollectionPause


Dynamic libraries:
b0c00000-c3200000 rw-p 00000000 00:00 0 
d6a00000-100000000 ---p 00000000 00:00 0 
100000000-1000a0000 rw-p 00000000 00:00 0 
1000a0000-140000000 ---p 00000000 00:00 0 
558e955ca000-558e955cb000 r-xp 00000000 08:01 3606                       /usr/lib/jvm/java-11-openjdk-amd64/bin/java
558e957cb000-558e957cc000 r--p 00001000 08:01 3606                       /usr/lib/jvm/java-11-openjdk-amd64/bin/java
558e957cc000-558e957cd000 rw-p 00002000 08:01 3606                       /usr/lib/jvm/java-11-openjdk-amd64/bin/java
558e96ea6000-558e96ec7000 rw-p 00000000 00:00 0                          [heap]
7f4678000000-7f4678021000 rw-p 00000000 00:00 0 
7f4678021000-7f467c000000 ---p 00000000 00:00 0 
7f4680000000-7f4680021000 rw-p 00000000 00:00 0 
7f4680021000-7f4684000000 ---p 00000000 00:00 0 
7f4684000000-7f4684021000 rw-p 00000000 00:00 0 
7f4684021000-7f4688000000 ---p 00000000 00:00 0 
7f4688000000-7f468818b000 rw-p 00000000 00:00 0 
7f468818b000-7f468c000000 ---p 00000000 00:00 0 
7f468c000000-7f468c021000 rw-p 00000000 00:00 0 
7f468c021000-7f4690000000 ---p 00000000 00:00 0 
7f4690000000-7f469052e000 rw-p 00000000 00:00 0 
7f469052e000-7f4694000000 ---p 00000000 00:00 0 
7f4694000000-7f4694413000 rw-p 00000000 00:00 0 
7f4694413000-7f4698000000 ---p 00000000 00:00 0 
7f4698000000-7f4698021000 rw-p 00000000 00:00 0 
7f4698021000-7f469c000000 ---p 00000000 00:00 0 
7f469c000000-7f469c021000 rw-p 00000000 00:00 0 
7f469c021000-7f46a0000000 ---p 00000000 00:00 0 
7f46a2aff000-7f46a2b16000 r-xp 00000000 08:01 443644                     /usr/lib/jvm/java-11-openjdk-amd64/lib/libnet.so
7f46a2b16000-7f46a2d15000 ---p 00017000 08:01 443644                     /usr/lib/jvm/java-11-openjdk-amd64/lib/libnet.so
7f46a2d15000-7f46a2d16000 r--p 00016000 08:01 443644                     /usr/lib/jvm/java-11-openjdk-amd64/lib/libnet.so
7f46a2d16000-7f46a2d17000 rw-p 00017000 08:01 443644                     /usr/lib/jvm/java-11-openjdk-amd64/lib/libnet.so
7f46a2d17000-7f46a2d28000 r-xp 00000000 08:01 443645                     /usr/lib/jvm/java-11-openjdk-amd64/lib/libnio.so
7f46a2d28000-7f46a2f27000 ---p 00011000 08:01 443645                     /usr/lib/jvm/java-11-openjdk-amd64/lib/libnio.so
7f46a2f27000-7f46a2f28000 r--p 00010000 08:01 443645                     /usr/lib/jvm/java-11-openjdk-amd64/lib/libnio.so
7f46a2f28000-7f46a2f29000 rw-p 00011000 08:01 443645                     /usr/lib/jvm/java-11-openjdk-amd64/lib/libnio.so
7f46a2f29000-7f46a2f2d000 ---p 00000000 00:00 0 
7f46a2f2d000-7f46a302a000 rw-p 00000000 00:00 0 
7f46a302a000-7f46a302b000 ---p 00000000 00:00 0 
7f46a302b000-7f46a312c000 rw-p 00000000 00:00 0 
7f46a312c000-7f46a3130000 ---p 00000000 00:00 0 
7f46a3130000-7f46a322d000 rw-p 00000000 00:00 0 
7f46a322d000-7f46a3231000 ---p 00000000 00:00 0 
7f46a3231000-7f46a332e000 rw-p 00000000 00:00 0 
7f46a332e000-7f46a3332000 ---p 00000000 00:00 0 
7f46a3332000-7f46a342f000 rw-p 00000000 00:00 0 
7f46a342f000-7f46a3433000 ---p 00000000 00:00 0 
7f46a3433000-7f46a3530000 rw-p 00000000 00:00 0 
7f46a3530000-7f46a3534000 ---p 00000000 00:00 0 
7f46a3534000-7f46a3631000 rw-p 00000000 00:00 0 
7f46a3631000-7f46a4000000 r--p 00000000 08:01 136591                     /usr/lib/locale/locale-archive
7f46a4000000-7f46a40bc000 rw-p 00000000 00:00 0 
7f46a40bc000-7f46a8000000 ---p 00000000 00:00 0 
7f46a8000000-7f46a8021000 rw-p 00000000 00:00 0 
7f46a8021000-7f46ac000000 ---p 00000000 00:00 0 
7f46ac000000-7f46ac021000 rw-p 00000000 00:00 0 
7f46ac021000-7f46b0000000 ---p 00000000 00:00 0 
7f46b0000000-7f46b0021000 rw-p 00000000 00:00 0 
7f46b0021000-7f46b4000000 ---p 00000000 00:00 0 
7f46b4000000-7f46b4021000 rw-p 00000000 00:00 0 
7f46b4021000-7f46b8000000 ---p 00000000 00:00 0 
7f46b8000000-7f46b8021000 rw-p 00000000 00:00 0 
7f46b8021000-7f46bc000000 ---p 00000000 00:00 0 
7f46bc000000-7f46bc021000 rw-p 00000000 00:00 0 
7f46bc021000-7f46c0000000 ---p 00000000 00:00 0 
7f46c0000000-7f46c0021000 rw-p 00000000 00:00 0 
7f46c0021000-7f46c4000000 ---p 00000000 00:00 0 
7f46c4000000-7f46c4021000 rw-p 00000000 00:00 0 
7f46c4021000-7f46c8000000 ---p 00000000 00:00 0 
7f46c8000000-7f46c8614000 rw-p 00000000 00:00 0 
7f46c8614000-7f46cc000000 ---p 00000000 00:00 0 
7f46cc02b000-7f46cc02f000 ---p 00000000 00:00 0 
7f46cc02f000-7f46cc12c000 rw-p 00000000 00:00 0 
7f46cc12c000-7f46cc130000 ---p 00000000 00:00 0 
7f46cc130000-7f46cc22d000 rw-p 00000000 00:00 0 
7f46cc22d000-7f46cc231000 ---p 00000000 00:00 0 
7f46cc231000-7f46cc32e000 rw-p 00000000 00:00 0 
7f46cc32e000-7f46cc32f000 ---p 00000000 00:00 0 
7f46cc32f000-7f46cc9f0000 rw-p 00000000 00:00 0 
7f46cc9f0000-7f46ccc30000 ---p 00000000 00:00 0 
7f46ccc30000-7f46cf0c8000 rw-p 00000000 00:00 0 
7f46cf0c8000-7f46d0000000 ---p 00000000 00:00 0 
7f46d0000000-7f46d0685000 rw-p 00000000 00:00 0 
7f46d0685000-7f46d4000000 ---p 00000000 00:00 0 
7f46d4000000-7f46d4700000 rw-p 00000000 00:00 0 
7f46d4700000-7f46d8000000 ---p 00000000 00:00 0 
7f46d8000000-7f46d86ca000 rw-p 00000000 00:00 0 
7f46d86ca000-7f46dc000000 ---p 00000000 00:00 0 
7f46dc038000-7f46dc0ae000 rw-p 00000000 00:00 0 
7f46dc0ae000-7f46dc0af000 ---p 00000000 00:00 0 
7f46dc0af000-7f46dc1b0000 rw-p 00000000 00:00 0 
7f46dc1b0000-7f46dc1b1000 ---p 00000000 00:00 0 
7f46dc1b1000-7f46dc2b2000 rw-p 00000000 00:00 0 
7f46dc2b2000-7f46dc2b3000 ---p 00000000 00:00 0 
7f46dc2b3000-7f46dc3b4000 rw-p 00000000 00:00 0 
7f46dc3b4000-7f46dc3b5000 ---p 00000000 00:00 0 
7f46dc3b5000-7f46dc4b6000 rw-p 00000000 00:00 0 
7f46dc4b6000-7f46dc4b7000 ---p 00000000 00:00 0 
7f46dc4b7000-7f46dc9bc000 rw-p 00000000 00:00 0 
7f46dc9bc000-7f46dc9bd000 ---p 00000000 00:00 0 
7f46dc9bd000-7f46dcabe000 rw-p 00000000 00:00 0 
7f46dcabe000-7f46dcabf000 ---p 00000000 00:00 0 
7f46dcabf000-7f46dd058000 rw-p 00000000 00:00 0 
7f46dd058000-7f46ddf90000 ---p 00000000 00:00 0 
7f46ddf90000-7f46de023000 rw-p 00000000 00:00 0 
7f46de023000-7f46de20a000 ---p 00000000 00:00 0 
7f46de20a000-7f46de29d000 rw-p 00000000 00:00 0 
7f46de29d000-7f46de484000 ---p 00000000 00:00 0 
7f46de484000-7f46de517000 rw-p 00000000 00:00 0 
7f46de517000-7f46de6fe000 ---p 00000000 00:00 0 
7f46de6fe000-7f46deb02000 rw-p 00000000 00:00 0 
7f46deb02000-7f46deb03000 ---p 00000000 00:00 0 
7f46deb03000-7f46dec04000 rw-p 00000000 00:00 0 
7f46dec04000-7f46dec05000 ---p 00000000 00:00 0 
7f46dec05000-7f46ded06000 rw-p 00000000 00:00 0 
7f46ded06000-7f46ded07000 ---p 00000000 00:00 0 
7f46ded07000-7f46dee08000 rw-p 00000000 00:00 0 
7f46dee08000-7f46dee09000 ---p 00000000 00:00 0 
7f46dee09000-7f46def0f000 rw-p 00000000 00:00 0 
7f46def0f000-7f46deff5000 ---p 00000000 00:00 0 
7f46deff5000-7f46deffa000 rw-p 00000000 00:00 0 
7f46deffa000-7f46df0e0000 ---p 00000000 00:00 0 
7f46df0e0000-7f46df350000 rwxp 00000000 00:00 0 
7f46df350000-7f46df670000 ---p 00000000 00:00 0 
7f46df670000-7f46df8e0000 rwxp 00000000 00:00 0 
7f46df8e0000-7f46e6ba8000 ---p 00000000 00:00 0 
7f46e6ba8000-7f46e6e18000 rwxp 00000000 00:00 0 
7f46e6e18000-7f46ee0e0000 ---p 00000000 00:00 0 
7f46ee0e0000-7f46f75ba000 r--s 00000000 08:01 443654                     /usr/lib/jvm/java-11-openjdk-amd64/lib/modules
7f46f75ba000-7f46f75bf000 r-xp 00000000 08:01 443636                     /usr/lib/jvm/java-11-openjdk-amd64/lib/libjimage.so
7f46f75bf000-7f46f77be000 ---p 00005000 08:01 443636                     /usr/lib/jvm/java-11-openjdk-amd64/lib/libjimage.so
7f46f77be000-7f46f77bf000 r--p 00004000 08:01 443636                     /usr/lib/jvm/java-11-openjdk-amd64/lib/libjimage.so
7f46f77bf000-7f46f77c0000 rw-p 00005000 08:01 443636                     /usr/lib/jvm/java-11-openjdk-amd64/lib/libjimage.so
7f46f77c0000-7f46f77c7000 r-xp 00000000 08:01 443653                     /usr/lib/jvm/java-11-openjdk-amd64/lib/libzip.so
7f46f77c7000-7f46f79c6000 ---p 00007000 08:01 443653                     /usr/lib/jvm/java-11-openjdk-amd64/lib/libzip.so
7f46f79c6000-7f46f79c7000 r--p 00006000 08:01 443653                     /usr/lib/jvm/java-11-openjdk-amd64/lib/libzip.so
7f46f79c7000-7f46f79c8000 rw-p 00007000 08:01 443653                     /usr/lib/jvm/java-11-openjdk-amd64/lib/libzip.so
7f46f79c8000-7f46f79d3000 r-xp 00000000 08:01 269065                     /lib/x86_64-linux-gnu/libnss_files-2.27.so
7f46f79d3000-7f46f7bd2000 ---p 0000b000 08:01 269065                     /lib/x86_64-linux-gnu/libnss_files-2.27.so
7f46f7bd2000-7f46f7bd3000 r--p 0000a000 08:01 269065                     /lib/x86_64-linux-gnu/libnss_files-2.27.so
7f46f7bd3000-7f46f7bd4000 rw-p 0000b000 08:01 269065                     /lib/x86_64-linux-gnu/libnss_files-2.27.so
7f46f7bd4000-7f46f7bda000 rw-p 00000000 00:00 0 
7f46f7bda000-7f46f7bf1000 r-xp 00000000 08:01 269059                     /lib/x86_64-linux-gnu/libnsl-2.27.so
7f46f7bf1000-7f46f7df0000 ---p 00017000 08:01 269059                     /lib/x86_64-linux-gnu/libnsl-2.27.so
7f46f7df0000-7f46f7df1000 r--p 00016000 08:01 269059                     /lib/x86_64-linux-gnu/libnsl-2.27.so
7f46f7df1000-7f46f7df2000 rw-p 00017000 08:01 269059                     /lib/x86_64-linux-gnu/libnsl-2.27.so
7f46f7df2000-7f46f7df4000 rw-p 00000000 00:00 0 
7f46f7df4000-7f46f7dff000 r-xp 00000000 08:01 269076                     /lib/x86_64-linux-gnu/libnss_nis-2.27.so
7f46f7dff000-7f46f7ffe000 ---p 0000b000 08:01 269076                     /lib/x86_64-linux-gnu/libnss_nis-2.27.so
7f46f7ffe000-7f46f7fff000 r--p 0000a000 08:01 269076                     /lib/x86_64-linux-gnu/libnss_nis-2.27.so
7f46f7fff000-7f46f8000000 rw-p 0000b000 08:01 269076                     /lib/x86_64-linux-gnu/libnss_nis-2.27.so
7f46f8000000-7f46f8219000 rw-p 00000000 00:00 0 
7f46f8219000-7f46fc000000 ---p 00000000 00:00 0 
7f46fc017000-7f46fc072000 rw-p 00000000 00:00 0 
7f46fc072000-7f46fc07a000 r-xp 00000000 08:01 269061                     /lib/x86_64-linux-gnu/libnss_compat-2.27.so
7f46fc07a000-7f46fc27a000 ---p 00008000 08:01 269061                     /lib/x86_64-linux-gnu/libnss_compat-2.27.so
7f46fc27a000-7f46fc27b000 r--p 00008000 08:01 269061                     /lib/x86_64-linux-gnu/libnss_compat-2.27.so
7f46fc27b000-7f46fc27c000 rw-p 00009000 08:01 269061                     /lib/x86_64-linux-gnu/libnss_compat-2.27.so
7f46fc27c000-7f46fc2a8000 r-xp 00000000 08:01 443632                     /usr/lib/jvm/java-11-openjdk-amd64/lib/libjava.so
7f46fc2a8000-7f46fc4a7000 ---p 0002c000 08:01 443632                     /usr/lib/jvm/java-11-openjdk-amd64/lib/libjava.so
7f46fc4a7000-7f46fc4a8000 r--p 0002b000 08:01 443632                     /usr/lib/jvm/java-11-openjdk-amd64/lib/libjava.so
7f46fc4a8000-7f46fc4aa000 rw-p 0002c000 08:01 443632                     /usr/lib/jvm/java-11-openjdk-amd64/lib/libjava.so
7f46fc4aa000-7f46fc4b7000 r-xp 00000000 08:01 443652                     /usr/lib/jvm/java-11-openjdk-amd64/lib/libverify.so
7f46fc4b7000-7f46fc6b6000 ---p 0000d000 08:01 443652                     /usr/lib/jvm/java-11-openjdk-amd64/lib/libverify.so
7f46fc6b6000-7f46fc6b8000 r--p 0000c000 08:01 443652                     /usr/lib/jvm/java-11-openjdk-amd64/lib/libverify.so
7f46fc6b8000-7f46fc6b9000 rw-p 0000e000 08:01 443652                     /usr/lib/jvm/java-11-openjdk-amd64/lib/libverify.so
7f46fc6b9000-7f46fc6c0000 r-xp 00000000 08:01 269116                     /lib/x86_64-linux-gnu/librt-2.27.so
7f46fc6c0000-7f46fc8bf000 ---p 00007000 08:01 269116                     /lib/x86_64-linux-gnu/librt-2.27.so
7f46fc8bf000-7f46fc8c0000 r--p 00006000 08:01 269116                     /lib/x86_64-linux-gnu/librt-2.27.so
7f46fc8c0000-7f46fc8c1000 rw-p 00007000 08:01 269116                     /lib/x86_64-linux-gnu/librt-2.27.so
7f46fc8c1000-7f46fc8d8000 r-xp 00000000 08:01 269012                     /lib/x86_64-linux-gnu/libgcc_s.so.1
7f46fc8d8000-7f46fcad7000 ---p 00017000 08:01 269012                     /lib/x86_64-linux-gnu/libgcc_s.so.1
7f46fcad7000-7f46fcad8000 r--p 00016000 08:01 269012                     /lib/x86_64-linux-gnu/libgcc_s.so.1
7f46fcad8000-7f46fcad9000 rw-p 00017000 08:01 269012                     /lib/x86_64-linux-gnu/libgcc_s.so.1
7f46fcad9000-7f46fcc76000 r-xp 00000000 08:01 269038                     /lib/x86_64-linux-gnu/libm-2.27.so
7f46fcc76000-7f46fce75000 ---p 0019d000 08:01 269038                     /lib/x86_64-linux-gnu/libm-2.27.so
7f46fce75000-7f46fce76000 r--p 0019c000 08:01 269038                     /lib/x86_64-linux-gnu/libm-2.27.so
7f46fce76000-7f46fce77000 rw-p 0019d000 08:01 269038                     /lib/x86_64-linux-gnu/libm-2.27.so
7f46fce77000-7f46fcff5000 r-xp 00000000 08:01 143894                     /usr/lib/x86_64-linux-gnu/libstdc++.so.6.0.25
7f46fcff5000-7f46fd1f5000 ---p 0017e000 08:01 143894                     /usr/lib/x86_64-linux-gnu/libstdc++.so.6.0.25
7f46fd1f5000-7f46fd1ff000 r--p 0017e000 08:01 143894                     /usr/lib/x86_64-linux-gnu/libstdc++.so.6.0.25
7f46fd1ff000-7f46fd201000 rw-p 00188000 08:01 143894                     /usr/lib/x86_64-linux-gnu/libstdc++.so.6.0.25
7f46fd201000-7f46fd205000 rw-p 00000000 00:00 0 
7f46fd205000-7f46fe1a2000 r-xp 00000000 08:01 573004                     /usr/lib/jvm/java-11-openjdk-amd64/lib/server/libjvm.so
7f46fe1a2000-7f46fe3a2000 ---p 00f9d000 08:01 573004                     /usr/lib/jvm/java-11-openjdk-amd64/lib/server/libjvm.so
7f46fe3a2000-7f46fe466000 r--p 00f9d000 08:01 573004                     /usr/lib/jvm/java-11-openjdk-amd64/lib/server/libjvm.so
7f46fe466000-7f46fe49e000 rw-p 01061000 08:01 573004                     /usr/lib/jvm/java-11-openjdk-amd64/lib/server/libjvm.so
7f46fe49e000-7f46fe4e7000 rw-p 00000000 00:00 0 
7f46fe4e7000-7f46fe501000 r-xp 00000000 08:01 269108                     /lib/x86_64-linux-gnu/libpthread-2.27.so
7f46fe501000-7f46fe700000 ---p 0001a000 08:01 269108                     /lib/x86_64-linux-gnu/libpthread-2.27.so
7f46fe700000-7f46fe701000 r--p 00019000 08:01 269108                     /lib/x86_64-linux-gnu/libpthread-2.27.so
7f46fe701000-7f46fe702000 rw-p 0001a000 08:01 269108                     /lib/x86_64-linux-gnu/libpthread-2.27.so
7f46fe702000-7f46fe706000 rw-p 00000000 00:00 0 
7f46fe706000-7f46fe709000 r-xp 00000000 08:01 268998                     /lib/x86_64-linux-gnu/libdl-2.27.so
7f46fe709000-7f46fe908000 ---p 00003000 08:01 268998                     /lib/x86_64-linux-gnu/libdl-2.27.so
7f46fe908000-7f46fe909000 r--p 00002000 08:01 268998                     /lib/x86_64-linux-gnu/libdl-2.27.so
7f46fe909000-7f46fe90a000 rw-p 00003000 08:01 268998                     /lib/x86_64-linux-gnu/libdl-2.27.so
7f46fe90a000-7f46fe926000 r-xp 00000000 08:01 269147                     /lib/x86_64-linux-gnu/libz.so.1.2.11
7f46fe926000-7f46feb25000 ---p 0001c000 08:01 269147                     /lib/x86_64-linux-gnu/libz.so.1.2.11
7f46feb25000-7f46feb26000 r--p 0001b000 08:01 269147                     /lib/x86_64-linux-gnu/libz.so.1.2.11
7f46feb26000-7f46feb27000 rw-p 0001c000 08:01 269147                     /lib/x86_64-linux-gnu/libz.so.1.2.11
7f46feb27000-7f46fed0e000 r-xp 00000000 08:01 268975                     /lib/x86_64-linux-gnu/libc-2.27.so
7f46fed0e000-7f46fef0e000 ---p 001e7000 08:01 268975                     /lib/x86_64-linux-gnu/libc-2.27.so
7f46fef0e000-7f46fef12000 r--p 001e7000 08:01 268975                     /lib/x86_64-linux-gnu/libc-2.27.so
7f46fef12000-7f46fef14000 rw-p 001eb000 08:01 268975                     /lib/x86_64-linux-gnu/libc-2.27.so
7f46fef14000-7f46fef18000 rw-p 00000000 00:00 0 
7f46fef18000-7f46fef27000 r-xp 00000000 08:01 572999                     /usr/lib/jvm/java-11-openjdk-amd64/lib/jli/libjli.so
7f46fef27000-7f46ff126000 ---p 0000f000 08:01 572999                     /usr/lib/jvm/java-11-openjdk-amd64/lib/jli/libjli.so
7f46ff126000-7f46ff127000 r--p 0000e000 08:01 572999                     /usr/lib/jvm/java-11-openjdk-amd64/lib/jli/libjli.so
7f46ff127000-7f46ff128000 rw-p 0000f000 08:01 572999                     /usr/lib/jvm/java-11-openjdk-amd64/lib/jli/libjli.so
7f46ff128000-7f46ff14f000 r-xp 00000000 08:01 268947                     /lib/x86_64-linux-gnu/ld-2.27.so
7f46ff157000-7f46ff230000 rw-p 00000000 00:00 0 
7f46ff230000-7f46ff237000 ---p 00000000 00:00 0 
7f46ff237000-7f46ff23b000 ---p 00000000 00:00 0 
7f46ff23b000-7f46ff33a000 rw-p 00000000 00:00 0 
7f46ff342000-7f46ff343000 rw-p 00000000 00:00 0 
7f46ff343000-7f46ff34b000 rw-s 00000000 08:01 29110                      /tmp/hsperfdata_madeleine/6469
7f46ff34b000-7f46ff34c000 ---p 00000000 00:00 0 
7f46ff34c000-7f46ff34d000 r--p 00000000 00:00 0 
7f46ff34d000-7f46ff34f000 rw-p 00000000 00:00 0 
7f46ff34f000-7f46ff350000 r--p 00027000 08:01 268947                     /lib/x86_64-linux-gnu/ld-2.27.so
7f46ff350000-7f46ff351000 rw-p 00028000 08:01 268947                     /lib/x86_64-linux-gnu/ld-2.27.so
7f46ff351000-7f46ff352000 rw-p 00000000 00:00 0 
7fff0dfcc000-7fff0dfed000 rw-p 00000000 00:00 0                          [stack]
7fff0dffb000-7fff0dffe000 r--p 00000000 00:00 0                          [vvar]
7fff0dffe000-7fff0e000000 r-xp 00000000 00:00 0                          [vdso]
ffffffffff600000-ffffffffff601000 r-xp 00000000 00:00 0                  [vsyscall]


VM Arguments:
jvm_args: -Dfile.encoding=UTF-8 
java_command: ImageEditor slctemple.ppm out.ppm motionblur 10
java_class_path (initial): /home/madeleine/eclipse-workspace/ImgEditor/src
Launcher Type: SUN_STANDARD

Logging:
Log output configuration:
#0: stdout all=warning uptime,level,tags
#1: stderr all=off uptime,level,tags

Environment Variables:
PATH=/usr/local/sbin:/usr/local/bin:/usr/sbin:/usr/bin:/sbin:/bin:/usr/games:/usr/local/games:/snap/bin
USERNAME=madeleine
SHELL=/bin/bash
DISPLAY=:0

Signal Handlers:
SIGSEGV: [libjvm.so+0xd28ad0], sa_mask[0]=11111111011111111101111111111110, sa_flags=SA_RESTART|SA_SIGINFO
SIGBUS: [libjvm.so+0xd28ad0], sa_mask[0]=11111111011111111101111111111110, sa_flags=SA_RESTART|SA_SIGINFO
SIGFPE: [libjvm.so+0xd28ad0], sa_mask[0]=11111111011111111101111111111110, sa_flags=SA_RESTART|SA_SIGINFO
SIGPIPE: [libjvm.so+0xb2a150], sa_mask[0]=11111111011111111101111111111110, sa_flags=SA_RESTART|SA_SIGINFO
SIGXFSZ: [libjvm.so+0xb2a150], sa_mask[0]=11111111011111111101111111111110, sa_flags=SA_RESTART|SA_SIGINFO
SIGILL: [libjvm.so+0xd28ad0], sa_mask[0]=11111111011111111101111111111110, sa_flags=SA_RESTART|SA_SIGINFO
SIGUSR2: [libjvm.so+0xb29f90], sa_mask[0]=00100000000000000000000000000000, sa_flags=SA_RESTART|SA_SIGINFO
SIGHUP: [libjvm.so+0xb2a0e0], sa_mask[0]=11111111011111111101111111111110, sa_flags=SA_RESTART|SA_SIGINFO
SIGINT: [libjvm.so+0xb2a0e0], sa_mask[0]=11111111011111111101111111111110, sa_flags=SA_RESTART|SA_SIGINFO
SIGTERM: [libjvm.so+0xb2a0e0], sa_mask[0]=11111111011111111101111111111110, sa_flags=SA_RESTART|SA_SIGINFO
SIGQUIT: [libjvm.so+0xb2a0e0], sa_mask[0]=11111111011111111101111111111110, sa_flags=SA_RESTART|SA_SIGINFO


---------------  S Y S T E M  ---------------

OS:DISTRIB_ID=Ubuntu
DISTRIB_RELEASE=18.04
DISTRIB_CODENAME=bionic
DISTRIB_DESCRIPTION="Ubuntu 18.04.1 LTS"
uname:Linux 4.15.0-33-generic #36-Ubuntu SMP Wed Aug 15 16:00:05 UTC 2018 x86_64
libc:glibc 2.27 NPTL 2.27 
rlimit: STACK 8192k, CORE 0k, NPROC 20021, NOFILE 1048576, AS infinity, DATA infinity, FSIZE infinity
load average:0.26 0.67 0.67

/proc/meminfo:
MemTotal:        5186056 kB
MemFree:          110888 kB
MemAvailable:      14140 kB
Buffers:            1284 kB
Cached:            71620 kB
SwapCached:        18096 kB
Active:          4198724 kB
Inactive:         711356 kB
Active(anon):    4187144 kB
Inactive(anon):   697980 kB
Active(file):      11580 kB
Inactive(file):    13376 kB
Unevictable:          64 kB
Mlocked:              64 kB
SwapTotal:        483800 kB
SwapFree:         251804 kB
Dirty:               236 kB
Writeback:             0 kB
AnonPages:       4820200 kB
Mapped:            66792 kB
Shmem:             47756 kB
Slab:              65996 kB
SReclaimable:      27984 kB
SUnreclaim:        38012 kB
KernelStack:       11136 kB
PageTables:        49048 kB
NFS_Unstable:          0 kB
Bounce:                0 kB
WritebackTmp:          0 kB
CommitLimit:     3076828 kB
Committed_AS:    9388944 kB
VmallocTotal:   34359738367 kB
VmallocUsed:           0 kB
VmallocChunk:          0 kB
HardwareCorrupted:     0 kB
AnonHugePages:         0 kB
ShmemHugePages:        0 kB
ShmemPmdMapped:        0 kB
CmaTotal:              0 kB
CmaFree:               0 kB
HugePages_Total:       0
HugePages_Free:        0
HugePages_Rsvd:        0
HugePages_Surp:        0
Hugepagesize:       2048 kB
DirectMap4k:      133056 kB
DirectMap2M:     5226496 kB

container (cgroup) information:
container_type: cgroupv1
cpu_cpuset_cpus: 0-3
cpu_memory_nodes: 0
active_processor_count: 4
cpu_quota: -1
cpu_period: 100000
cpu_shares: -1
memory_limit_in_bytes: -1
memory_and_swap_limit_in_bytes: -2
memory_soft_limit_in_bytes: -1
memory_usage_in_bytes: 5028384768
memory_max_usage_in_bytes: 0


CPU:total 4 (initial active 4) (4 cores per cpu, 1 threads per core) family 6 model 142 stepping 10, cmov, cx8, fxsr, mmx, sse, sse2, sse3, ssse3, sse4.1, sse4.2, popcnt, avx, avx2, aes, clmul, 3dnowpref, lzcnt, tsc, tscinvbit
CPU Model and flags from /proc/cpuinfo:
model name	: Intel(R) Core(TM) i5-8250U CPU @ 1.60GHz
flags		: fpu vme de pse tsc msr pae mce cx8 apic sep mtrr pge mca cmov pat pse36 clflush mmx fxsr sse sse2 ht syscall nx rdtscp lm constant_tsc rep_good nopl xtopology nonstop_tsc cpuid pni pclmulqdq ssse3 cx16 pcid sse4_1 sse4_2 x2apic movbe popcnt aes xsave avx rdrand hypervisor lahf_lm abm 3dnowprefetch invpcid_single pti fsgsbase avx2 invpcid rdseed clflushopt

Memory: 4k page, physical 5186056k(110268k free), swap 483800k(251804k free)

vm_info: OpenJDK 64-Bit Server VM (10.0.2+13-Ubuntu-1ubuntu0.18.04.1) for linux-amd64 JRE (10.0.2+13-Ubuntu-1ubuntu0.18.04.1), built on Aug  3 2018 01:53:46 by "buildd" with gcc 7.3.0

END.
